{
  "started_at": "2025-10-14T22:22:23.271117",
  "last_updated": "2025-10-14T22:28:39.940787",
  "tests": {
    "tests/test_code_examples_sqlite.py": {
      "test_path": "tests/test_code_examples_sqlite.py",
      "status": "fixed",
      "attempts": [
        {
          "attempt_number": 1,
          "timestamp": "2025-10-14T22:22:50.023646",
          "analysis": "I'll analyze the failing test using the test-analyzer agent to understand the root cause.\nThe test-analyzer agent has completed a thorough analysis. Here's the summary:\n\n## Root Cause\n\nThe failing tests in `tests/test_code_examples_sqlite.py` cannot find the SQLite migration file because **the migration directory is not mounted in the Docker test container**.\n\n## The Problem\n\nThe test helper function `get_migration_path()` looks for the migration file at:\n1. `/app/migration/sqlite/001_initial_schema.sql` (Docker path)\n2. Calculated path based on test file location (local dev fallback)\n\nBoth paths fail because:\n- The `docker-compose.test.yml` file **does not mount** the `migration/` directory\n- The `Dockerfile.test` **does not copy** the migration files into the image\n\nThe migration file exists at `/home/jose/src/Archon/migration/sqlite/001_initial_schema.sql` but is not accessible inside the test container.\n\n## Recommended Fix\n\nAdd the migration directory mount to `python/docker-compose.test.yml`:\n\n```yaml\nvolumes:\n  - ./src:/app/src:ro\n  - ./tests:/app/tests:ro\n  - ./pytest.ini:/app/pytest.ini:ro\n  - ../migration:/app/migration:ro  # ADD THIS LINE\n```\n\nThis is the simplest fix that:\n- Requires only a 1-line change\n- Mirrors the server container configuration\n- Allows tests to see live changes to migration files\n- Doesn't require Docker image rebuilds\n\nWould you like me to apply this fix?",
          "changes_made": [
            "I'll use the test-fixer agent to implement the fix by adding the migration directory mount to the Docker configuration.\nPerfect! The fix has been applied successfully. Let me verify the change:\nExcellent! The fix has been successfully applied. I can see that line 26 now includes:\n```yaml\n- ../migration:/app/migration:ro\n```\n\nThis mounts the migration directory from the repository root into the Docker test container at `/app/migration` with read-only access.\n\n## Summary of the Fix\n\n**Problem**: Tests in `tests/test_code_examples_sqlite.py` were failing because they couldn't find the SQLite migration file at `/app/migration/sqlite/001_initial_schema.sql` inside the Docker test container.\n\n**Root Cause**: The `docker-compose.test.yml` configuration was missing a volume mount for the migration directory.\n\n**Solution Applied**: Added the migration directory mount at line 26 in `python/docker-compose.test.yml`:\n```yaml\n- ../migration:/app/migration:ro\n```\n\n**Impact**: \n- The three failing tests should now pass:\n  - `test_insert_code_example_with_sqlite`\n  - `test_insert_code_examples_batch_with_sqlite`\n  - `test_code_example_backward_compatibility`\n- The test container can now access the SQLite schema migration file needed to initialize test databases\n- The mount is read-only, preventing accidental modifications to migration files\n\n**Verification**: You can verify the fix works by running:\n```bash\ncd python\ndocker-compose -f docker-compose.test.yml run --rm test pytest tests/test_code_examples_sqlite.py -v\n```\n\nThe fix is complete and ready for testing!"
          ],
          "validation_result": true,
          "error_message": null
        }
      ],
      "current_attempt": 1,
      "error_output": "Running frontend tests...\n\n> archon-ui@0.1.0 test:run\n> vitest run\n\n\n RUN  v1.6.1 /home/jose/src/Archon/archon-ui-main\n\n \u2713 src/features/knowledge/utils/tests/providerErrorHandler.test.ts  (24 tests) 4ms\n \u2713 src/features/shared/utils/tests/optimistic.test.ts  (8 tests) 4ms\n \u2713 src/features/shared/api/tests/apiClient.test.ts  (16 tests) 16ms\n \u2713 src/features/knowledge/hooks/tests/useKnowledgeQueries.test.ts  (8 tests) 93ms\nstderr | src/features/projects/tasks/services/tests/taskService.test.ts > taskService > createTask > should handle API errors properly\nFailed to create task: Error: Failed to create task\n    at /home/jose/src/Archon/archon-ui-main/src/features/projects/tasks/services/tests/taskService.test.ts:66:54\n    at file:///home/jose/src/Archon/archon-ui-main/node_modules/@vitest/runner/dist/index.js:135:14\n    at file:///home/jose/src/Archon/archon-ui-main/node_modules/@vitest/runner/dist/index.js:60:26\n    at runTest (file:///home/jose/src/Archon/archon-ui-main/node_modules/@vitest/runner/dist/index.js:781:17)\n    at runSuite (file:///home/jose/src/Archon/archon-ui-main/node_modules/@vitest/runner/dist/index.js:909:15)\n    at runSuite (file:///home/jose/src/Archon/archon-ui-main/node_modules/@vitest/runner/dist/index.js:909:15)\n    at runSuite (file:///home/jose/src/Archon/archon-ui-main/node_modules/@vitest/runner/dist/index.js:909:15)\n    at runFiles (file:///home/jose/src/Archon/archon-ui-main/node_modules/@vitest/runner/dist/index.js:958:5)\n    at startTests (file:///home/jose/src/Archon/archon-ui-main/node_modules/@vitest/runner/dist/index.js:967:3)\n    at file:///home/jose/src/Archon/archon-ui-main/node_modules/vitest/dist/chunks/runtime-runBaseTests.oAvMKtQC.js:116:7\n\nstderr | src/features/projects/tasks/services/tests/taskService.test.ts > taskService > updateTask > should handle API errors properly\nFailed to update task task-123: Error: Failed to update task\n    at /home/jose/src/Archon/archon-ui-main/src/features/projects/tasks/services/tests/taskService.test.ts:143:54\n    at file:///home/jose/src/Archon/archon-ui-main/node_modules/@vitest/runner/dist/index.js:135:14\n    at file:///home/jose/src/Archon/archon-ui-main/node_modules/@vitest/runner/dist/index.js:60:26\n    at runTest (file:///home/jose/src/Archon/archon-ui-main/node_modules/@vitest/runner/dist/index.js:781:17)\n    at runSuite (file:///home/jose/src/Archon/archon-ui-main/node_modules/@vitest/runner/dist/index.js:909:15)\n    at runSuite (file:///home/jose/src/Archon/archon-ui-main/node_modules/@vitest/runner/dist/index.js:909:15)\n    at runSuite (file:///home/jose/src/Archon/archon-ui-main/node_modules/@vitest/runner/dist/index.js:909:15)\n    at runFiles (file:///home/jose/src/Archon/archon-ui-main/node_modules/@vitest/runner/dist/index.js:958:5)\n    at startTests (file:///home/jose/src/Archon/archon-ui-main/node_modules/@vitest/runner/dist/index.js:967:3)\n    at file:///home/jose/src/Archon/archon-ui-main/node_modules/vitest/dist/chunks/runtime-runBaseTests.oAvMKtQC.js:116:7\n\nstderr | src/features/projects/tasks/services/tests/taskService.test.ts > taskService > updateTaskStatus > should handle API errors properly\nFailed to update task status task-123: Error: Failed to update task status\n    at /home/jose/src/Archon/archon-ui-main/src/features/projects/tasks/services/tests/taskService.test.ts:191:54\n    at file:///home/jose/src/Archon/archon-ui-main/node_modules/@vitest/runner/dist/index.js:135:14\n    at file:///home/jose/src/Archon/archon-ui-main/node_modules/@vitest/runner/dist/index.js:60:26\n    at runTest (file:///home/jose/src/Archon/archon-ui-main/node_modules/@vitest/runner/dist/index.js:781:17)\n    at runSuite (file:///home/jose/src/Archon/archon-ui-main/node_modules/@vitest/runner/dist/index.js:909:15)\n    at runSuite (file:///home/jose/src/Archon/archon-ui-main/node_modules/@vitest/runner/dist/index.js:909:15)\n    at runSuite (file:///home/jose/src/Archon/archon-ui-main/node_modules/@vitest/runner/dist/index.js:909:15)\n    at runFiles (file:///home/jose/src/Archon/archon-ui-main/node_modules/@vitest/runner/dist/index.js:958:5)\n    at startTests (file:///home/jose/src/Archon/archon-ui-main/node_modules/@vitest/runner/dist/index.js:967:3)\n    at file:///home/jose/src/Archon/archon-ui-main/node_modules/vitest/dist/chunks/runtime-runBaseTests.oAvMKtQC.js:116:7\n\nstderr | src/features/projects/tasks/services/tests/taskService.test.ts > taskService > deleteTask > should handle API errors properly\nFailed to delete task task-123: Error: Failed to delete task\n    at /home/jose/src/Archon/archon-ui-main/src/features/projects/tasks/services/tests/taskService.test.ts:213:54\n    at file:///home/jose/src/Archon/archon-ui-main/node_modules/@vitest/runner/dist/index.js:135:14\n    at file:///home/jose/src/Archon/archon-ui-main/node_modules/@vitest/runner/dist/index.js:60:26\n    at runTest (file:///home/jose/src/Archon/archon-ui-main/node_modules/@vitest/runner/dist/index.js:781:17)\n    at runSuite (file:///home/jose/src/Archon/archon-ui-main/node_modules/@vitest/runner/dist/index.js:909:15)\n    at runSuite (file:///home/jose/src/Archon/archon-ui-main/node_modules/@vitest/runner/dist/index.js:909:15)\n    at runSuite (file:///home/jose/src/Archon/archon-ui-main/node_modules/@vitest/runner/dist/index.js:909:15)\n    at runFiles (file:///home/jose/src/Archon/archon-ui-main/node_modules/@vitest/runner/dist/index.js:958:5)\n    at startTests (file:///home/jose/src/Archon/archon-ui-main/node_modules/@vitest/runner/dist/index.js:967:3)\n    at file:///home/jose/src/Archon/archon-ui-main/node_modules/vitest/dist/chunks/runtime-runBaseTests.oAvMKtQC.js:116:7\n\nstderr | src/features/projects/tasks/services/tests/taskService.test.ts > taskService > getTasksByProject > should handle API errors properly\nFailed to get tasks for project project-123: Error: Failed to fetch tasks\n    at /home/jose/src/Archon/archon-ui-main/src/features/projects/tasks/services/tests/taskService.test.ts:270:54\n    at file:///home/jose/src/Archon/archon-ui-main/node_modules/@vitest/runner/dist/index.js:135:14\n    at file:///home/jose/src/Archon/archon-ui-main/node_modules/@vitest/runner/dist/index.js:60:26\n    at runTest (file:///home/jose/src/Archon/archon-ui-main/node_modules/@vitest/runner/dist/index.js:781:17)\n    at runSuite (file:///home/jose/src/Archon/archon-ui-main/node_modules/@vitest/runner/dist/index.js:909:15)\n    at runSuite (file:///home/jose/src/Archon/archon-ui-main/node_modules/@vitest/runner/dist/index.js:909:15)\n    at runSuite (file:///home/jose/src/Archon/archon-ui-main/node_modules/@vitest/runner/dist/index.js:909:15)\n    at runFiles (file:///home/jose/src/Archon/archon-ui-main/node_modules/@vitest/runner/dist/index.js:958:5)\n    at startTests (file:///home/jose/src/Archon/archon-ui-main/node_modules/@vitest/runner/dist/index.js:967:3)\n    at file:///home/jose/src/Archon/archon-ui-main/node_modules/vitest/dist/chunks/runtime-runBaseTests.oAvMKtQC.js:116:7\n\n \u2713 src/features/projects/tasks/services/tests/taskService.test.ts  (15 tests) 8ms\nstderr | tests/integration/knowledge/knowledge-api.test.ts:21:11\n\n\u26a0\ufe0f  Integration tests require INTEGRATION_TEST=true environment variable\n\nstderr | tests/integration/knowledge/knowledge-api.test.ts:22:11\n   Run: INTEGRATION_TEST=true npm test -- tests/integration/\n\n\n \u2713 tests/integration/knowledge/knowledge-api.test.ts  (10 tests) 6ms\nstderr | src/features/mcp/services/tests/mcpAnalyticsService.test.ts > mcpAnalyticsService > getHourlyUsage > should handle API errors properly\nFailed to get hourly usage: Error: Failed to fetch hourly usage\n    at /home/jose/src/Archon/archon-ui-main/src/features/mcp/services/tests/mcpAnalyticsService.test.ts:122:51\n    at file:///home/jose/src/Archon/archon-ui-main/node_modules/@vitest/runner/dist/index.js:135:14\n    at file:///home/jose/src/Archon/archon-ui-main/node_modules/@vitest/runner/dist/index.js:60:26\n    at runTest (file:///home/jose/src/Archon/archon-ui-main/node_modules/@vitest/runner/dist/index.js:781:17)\n    at runSuite (file:///home/jose/src/Archon/archon-ui-main/node_modules/@vitest/runner/dist/index.js:909:15)\n    at runSuite (file:///home/jose/src/Archon/archon-ui-main/node_modules/@vitest/runner/dist/index.js:909:15)\n    at runSuite (file:///home/jose/src/Archon/archon-ui-main/node_modules/@vitest/runner/dist/index.js:909:15)\n    at runFiles (file:///home/jose/src/Archon/archon-ui-main/node_modules/@vitest/runner/dist/index.js:958:5)\n    at startTests (file:///home/jose/src/Archon/archon-ui-main/node_modules/@vitest/runner/dist/index.js:967:3)\n    at file:///home/jose/src/Archon/archon-ui-main/node_modules/vitest/dist/chunks/runtime-runBaseTests.oAvMKtQC.js:116:7\n\nstderr | src/features/mcp/services/tests/mcpAnalyticsService.test.ts > mcpAnalyticsService > getDailyUsage > should handle API errors properly\nFailed to get daily usage: Error: Failed to fetch daily usage\n    at /home/jose/src/Archon/archon-ui-main/src/features/mcp/services/tests/mcpAnalyticsService.test.ts:228:51\n    at file:///home/jose/src/Archon/archon-ui-main/node_modules/@vitest/runner/dist/index.js:135:14\n    at file:///home/jose/src/Archon/archon-ui-main/node_modules/@vitest/runner/dist/index.js:60:26\n    at runTest (file:///home/jose/src/Archon/archon-ui-main/node_modules/@vitest/runner/dist/index.js:781:17)\n    at runSuite (file:///home/jose/src/Archon/archon-ui-main/node_modules/@vitest/runner/dist/index.js:909:15)\n    at runSuite (file:///home/jose/src/Archon/archon-ui-main/node_modules/@vitest/runner/dist/index.js:909:15)\n    at runSuite (file:///home/jose/src/Archon/archon-ui-main/node_modules/@vitest/runner/dist/index.js:909:15)\n    at runFiles (file:///home/jose/src/Archon/archon-ui-main/node_modules/@vitest/runner/dist/index.js:958:5)\n    at startTests (file:///home/jose/src/Archon/archon-ui-main/node_modules/@vitest/runner/dist/index.js:967:3)\n    at file:///home/jose/src/Archon/archon-ui-main/node_modules/vitest/dist/chunks/runtime-runBaseTests.oAvMKtQC.js:116:7\n\nstderr | src/features/mcp/services/tests/mcpAnalyticsService.test.ts > mcpAnalyticsService > getSummary > should handle API errors properly\nFailed to get usage summary: Error: Failed to fetch summary\n    at /home/jose/src/Archon/archon-ui-main/src/features/mcp/services/tests/mcpAnalyticsService.test.ts:326:51\n    at file:///home/jose/src/Archon/archon-ui-main/node_modules/@vitest/runner/dist/index.js:135:14\n    at file:///home/jose/src/Archon/archon-ui-main/node_modules/@vitest/runner/dist/index.js:60:26\n    at runTest (file:///home/jose/src/Archon/archon-ui-main/node_modules/@vitest/runner/dist/index.js:781:17)\n    at runSuite (file:///home/jose/src/Archon/archon-ui-main/node_modules/@vitest/runner/dist/index.js:909:15)\n    at runSuite (file:///home/jose/src/Archon/archon-ui-main/node_modules/@vitest/runner/dist/index.js:909:15)\n    at runSuite (file:///home/jose/src/Archon/archon-ui-main/node_modules/@vitest/runner/dist/index.js:909:15)\n    at runFiles (file:///home/jose/src/Archon/archon-ui-main/node_modules/@vitest/runner/dist/index.js:958:5)\n    at startTests (file:///home/jose/src/Archon/archon-ui-main/node_modules/@vitest/runner/dist/index.js:967:3)\n    at file:///home/jose/src/Archon/archon-ui-main/node_modules/vitest/dist/chunks/runtime-runBaseTests.oAvMKtQC.js:116:7\n\n \u2713 src/features/mcp/services/tests/mcpAnalyticsService.test.ts  (28 tests) 12ms\nstderr | src/features/projects/tasks/hooks/tests/useTaskQueries.test.ts > useTaskQueries > useCreateTask > should rollback on error\nFailed to create task: Network error { project_id: 'project-123' }\n\n \u2713 src/features/projects/tasks/hooks/tests/useTaskQueries.test.ts  (7 tests) 188ms\n \u2713 src/features/shared/hooks/tests/useSmartPolling.test.ts  (10 tests) 42ms\nstderr | src/features/projects/hooks/tests/useProjectQueries.test.ts > useProjectQueries > useCreateProject > should rollback on error\nFailed to create project: Error: Network error\n    at /home/jose/src/Archon/archon-ui-main/src/features/projects/hooks/tests/useProjectQueries.test.ts:135:65\n    at runTest (file:///home/jose/src/Archon/archon-ui-main/node_modules/@vitest/runner/dist/index.js:781:11)\n    at runSuite (file:///home/jose/src/Archon/archon-ui-main/node_modules/@vitest/runner/dist/index.js:909:15)\n    at runSuite (file:///home/jose/src/Archon/archon-ui-main/node_modules/@vitest/runner/dist/index.js:909:15)\n    at runSuite (file:///home/jose/src/Archon/archon-ui-main/node_modules/@vitest/runner/dist/index.js:909:15)\n    at runFiles (file:///home/jose/src/Archon/archon-ui-main/node_modules/@vitest/runner/dist/index.js:958:5)\n    at startTests (file:///home/jose/src/Archon/archon-ui-main/node_modules/@vitest/runner/dist/index.js:967:3)\n    at file:///home/jose/src/Archon/archon-ui-main/node_modules/vitest/dist/chunks/runtime-runBaseTests.oAvMKtQC.js:116:7\n    at withEnv (file:///home/jose/src/Archon/archon-ui-main/node_modules/vitest/dist/chunks/runtime-runBaseTests.oAvMKtQC.js:83:5)\n    at run (file:///home/jose/src/Archon/archon-ui-main/node_modules/vitest/dist/chunks/runtime-runBaseTests.oAvMKtQC.js:105:3) { variables: { title: 'New Project', description: 'New Description' } }\n\n \u2713 src/features/progress/hooks/tests/useProgressQueries.test.ts  (10 tests) 363ms\n \u2713 src/features/projects/components/tests/ProjectCard.test.tsx  (9 tests) 69ms\nstderr | src/features/projects/hooks/tests/useProjectQueries.test.ts > useProjectQueries > useDeleteProject > should rollback on delete error\nFailed to delete project: Error: Permission denied\n    at /home/jose/src/Archon/archon-ui-main/src/features/projects/hooks/tests/useProjectQueries.test.ts:198:65\n    at runTest (file:///home/jose/src/Archon/archon-ui-main/node_modules/@vitest/runner/dist/index.js:781:11)\n    at runSuite (file:///home/jose/src/Archon/archon-ui-main/node_modules/@vitest/runner/dist/index.js:909:15)\n    at runSuite (file:///home/jose/src/Archon/archon-ui-main/node_modules/@vitest/runner/dist/index.js:909:15)\n    at runSuite (file:///home/jose/src/Archon/archon-ui-main/node_modules/@vitest/runner/dist/index.js:909:15)\n    at runFiles (file:///home/jose/src/Archon/archon-ui-main/node_modules/@vitest/runner/dist/index.js:958:5)\n    at startTests (file:///home/jose/src/Archon/archon-ui-main/node_modules/@vitest/runner/dist/index.js:967:3)\n    at file:///home/jose/src/Archon/archon-ui-main/node_modules/vitest/dist/chunks/runtime-runBaseTests.oAvMKtQC.js:116:7\n    at withEnv (file:///home/jose/src/Archon/archon-ui-main/node_modules/vitest/dist/chunks/runtime-runBaseTests.oAvMKtQC.js:83:5)\n    at run (file:///home/jose/src/Archon/archon-ui-main/node_modules/vitest/dist/chunks/runtime-runBaseTests.oAvMKtQC.js:105:3) { projectId: 'project-to-delete' }\n\n \u2713 src/features/projects/hooks/tests/useProjectQueries.test.ts  (7 tests) 261ms\n \u2713 src/features/mcp/hooks/tests/useMcpAnalytics.test.ts  (35 tests) 1341ms\n \u2713 tests/integration/knowledge/progress-api.test.ts  (6 tests | 2 skipped) 5026ms\nJSON report written to /home/jose/src/Archon/archon-ui-main/public/test-results/test-results.json\n\n Test Files  14 passed (14)\n      Tests  191 passed | 2 skipped (193)\n   Start at  22:22:23\n   Duration  6.29s (transform 783ms, setup 2.17s, collect 1.26s, tests 7.43s, environment 4.07s, prepare 2.22s)\n\nRunning backend tests in Docker...\n\u26a0\ufe0f  Warning: .env.test not found. Using default environment.\n============================= test session starts ==============================\nplatform linux -- Python 3.12.12, pytest-8.4.2, pluggy-1.6.0 -- /venv/bin/python3\ncachedir: .pytest_cache\nrootdir: /app\nconfigfile: pytest.ini\ntestpaths: tests\nplugins: mock-3.15.1, logfire-4.13.0, Faker-37.11.0, asyncio-1.2.0, anyio-4.11.0, timeout-2.4.0\nasyncio: mode=Mode.AUTO, debug=False, asyncio_default_fixture_loop_scope=function, asyncio_default_test_loop_scope=function\ntimeout: 300.0s\ntimeout method: signal\ntimeout func_only: False\ncollecting ... collected 622 items / 14 deselected / 608 selected\n\ntests/integration/test_sqlite_qdrant_crawl_mcp.py::TestSQLiteQdrantCrawlMCP::test_full_crawl_storage_search_workflow <- ../home/jose/src/Archon/python/tests/integration/test_sqlite_qdrant_crawl_mcp.py SKIPPED [  0%]\ntests/integration/test_sqlite_qdrant_crawl_mcp.py::TestSQLiteQdrantCrawlMCP::test_qdrant_collection_lifecycle <- ../home/jose/src/Archon/python/tests/integration/test_sqlite_qdrant_crawl_mcp.py SKIPPED [  0%]\ntests/integration/test_sqlite_qdrant_crawl_mcp.py::TestSQLiteQdrantCrawlMCP::test_sqlite_repository_basic_operations <- ../home/jose/src/Archon/python/tests/integration/test_sqlite_qdrant_crawl_mcp.py SKIPPED [  0%]\ntests/integration/test_sqlite_qdrant_crawl_mcp_simple.py::TestSQLiteQdrantWorkflow::test_embedding_and_search_workflow <- ../home/jose/src/Archon/python/tests/integration/test_sqlite_qdrant_crawl_mcp_simple.py SKIPPED [  0%]\ntests/mcp_server/features/documents/test_document_tools.py::test_create_document_success <- ../home/jose/src/Archon/python/tests/mcp_server/features/documents/test_document_tools.py PASSED [  0%]\ntests/mcp_server/features/documents/test_document_tools.py::test_find_documents_success <- ../home/jose/src/Archon/python/tests/mcp_server/features/documents/test_document_tools.py PASSED [  0%]\ntests/mcp_server/features/documents/test_document_tools.py::test_update_document_partial_update <- ../home/jose/src/Archon/python/tests/mcp_server/features/documents/test_document_tools.py PASSED [  1%]\ntests/mcp_server/features/documents/test_document_tools.py::test_delete_document_not_found <- ../home/jose/src/Archon/python/tests/mcp_server/features/documents/test_document_tools.py PASSED [  1%]\ntests/mcp_server/features/documents/test_version_tools.py::test_create_version_success <- ../home/jose/src/Archon/python/tests/mcp_server/features/documents/test_version_tools.py PASSED [  1%]\ntests/mcp_server/features/documents/test_version_tools.py::test_create_version_invalid_field <- ../home/jose/src/Archon/python/tests/mcp_server/features/documents/test_version_tools.py PASSED [  1%]\ntests/mcp_server/features/documents/test_version_tools.py::test_restore_version_success <- ../home/jose/src/Archon/python/tests/mcp_server/features/documents/test_version_tools.py PASSED [  1%]\ntests/mcp_server/features/documents/test_version_tools.py::test_find_versions_with_filter <- ../home/jose/src/Archon/python/tests/mcp_server/features/documents/test_version_tools.py PASSED [  1%]\ntests/mcp_server/features/projects/test_project_tools.py::test_create_project_success <- ../home/jose/src/Archon/python/tests/mcp_server/features/projects/test_project_tools.py PASSED [  2%]\ntests/mcp_server/features/projects/test_project_tools.py::test_create_project_direct_response <- ../home/jose/src/Archon/python/tests/mcp_server/features/projects/test_project_tools.py PASSED [  2%]\ntests/mcp_server/features/projects/test_project_tools.py::test_find_projects_success <- ../home/jose/src/Archon/python/tests/mcp_server/features/projects/test_project_tools.py PASSED [  2%]\ntests/mcp_server/features/projects/test_project_tools.py::test_get_project_not_found <- ../home/jose/src/Archon/python/tests/mcp_server/features/projects/test_project_tools.py PASSED [  2%]\ntests/mcp_server/features/tasks/test_task_tools.py::test_create_task_with_sources <- ../home/jose/src/Archon/python/tests/mcp_server/features/tasks/test_task_tools.py PASSED [  2%]\ntests/mcp_server/features/tasks/test_task_tools.py::test_find_tasks_with_project_filter <- ../home/jose/src/Archon/python/tests/mcp_server/features/tasks/test_task_tools.py PASSED [  2%]\ntests/mcp_server/features/tasks/test_task_tools.py::test_find_tasks_with_status_filter <- ../home/jose/src/Archon/python/tests/mcp_server/features/tasks/test_task_tools.py PASSED [  3%]\ntests/mcp_server/features/tasks/test_task_tools.py::test_update_task_status <- ../home/jose/src/Archon/python/tests/mcp_server/features/tasks/test_task_tools.py PASSED [  3%]\ntests/mcp_server/features/tasks/test_task_tools.py::test_update_task_no_fields <- ../home/jose/src/Archon/python/tests/mcp_server/features/tasks/test_task_tools.py PASSED [  3%]\ntests/mcp_server/features/tasks/test_task_tools.py::test_delete_task_already_archived <- ../home/jose/src/Archon/python/tests/mcp_server/features/tasks/test_task_tools.py PASSED [  3%]\ntests/mcp_server/features/test_feature_tools.py::test_get_project_features_success <- ../home/jose/src/Archon/python/tests/mcp_server/features/test_feature_tools.py PASSED [  3%]\ntests/mcp_server/features/test_feature_tools.py::test_get_project_features_empty <- ../home/jose/src/Archon/python/tests/mcp_server/features/test_feature_tools.py PASSED [  3%]\ntests/mcp_server/features/test_feature_tools.py::test_get_project_features_not_found <- ../home/jose/src/Archon/python/tests/mcp_server/features/test_feature_tools.py PASSED [  4%]\ntests/mcp_server/utils/test_error_handling.py::test_format_error_basic <- ../home/jose/src/Archon/python/tests/mcp_server/utils/test_error_handling.py PASSED [  4%]\ntests/mcp_server/utils/test_error_handling.py::test_format_error_with_all_fields <- ../home/jose/src/Archon/python/tests/mcp_server/utils/test_error_handling.py PASSED [  4%]\ntests/mcp_server/utils/test_error_handling.py::test_from_http_error_with_json_body <- ../home/jose/src/Archon/python/tests/mcp_server/utils/test_error_handling.py PASSED [  4%]\ntests/mcp_server/utils/test_error_handling.py::test_from_http_error_with_text_body <- ../home/jose/src/Archon/python/tests/mcp_server/utils/test_error_handling.py PASSED [  4%]\ntests/mcp_server/utils/test_error_handling.py::test_from_exception_timeout <- ../home/jose/src/Archon/python/tests/mcp_server/utils/test_error_handling.py PASSED [  4%]\ntests/mcp_server/utils/test_error_handling.py::test_from_exception_connection <- ../home/jose/src/Archon/python/tests/mcp_server/utils/test_error_handling.py PASSED [  5%]\ntests/mcp_server/utils/test_error_handling.py::test_from_exception_request_error <- ../home/jose/src/Archon/python/tests/mcp_server/utils/test_error_handling.py PASSED [  5%]\ntests/mcp_server/utils/test_error_handling.py::test_from_exception_generic <- ../home/jose/src/Archon/python/tests/mcp_server/utils/test_error_handling.py PASSED [  5%]\ntests/mcp_server/utils/test_error_handling.py::test_from_exception_connect_timeout <- ../home/jose/src/Archon/python/tests/mcp_server/utils/test_error_handling.py PASSED [  5%]\ntests/mcp_server/utils/test_error_handling.py::test_from_exception_read_timeout <- ../home/jose/src/Archon/python/tests/mcp_server/utils/test_error_handling.py PASSED [  5%]\ntests/mcp_server/utils/test_timeout_config.py::test_get_default_timeout_defaults <- ../home/jose/src/Archon/python/tests/mcp_server/utils/test_timeout_config.py PASSED [  5%]\ntests/mcp_server/utils/test_timeout_config.py::test_get_default_timeout_from_env <- ../home/jose/src/Archon/python/tests/mcp_server/utils/test_timeout_config.py PASSED [  6%]\ntests/mcp_server/utils/test_timeout_config.py::test_get_polling_timeout_defaults <- ../home/jose/src/Archon/python/tests/mcp_server/utils/test_timeout_config.py PASSED [  6%]\ntests/mcp_server/utils/test_timeout_config.py::test_get_polling_timeout_from_env <- ../home/jose/src/Archon/python/tests/mcp_server/utils/test_timeout_config.py PASSED [  6%]\ntests/mcp_server/utils/test_timeout_config.py::test_get_max_polling_attempts_default <- ../home/jose/src/Archon/python/tests/mcp_server/utils/test_timeout_config.py PASSED [  6%]\ntests/mcp_server/utils/test_timeout_config.py::test_get_max_polling_attempts_from_env <- ../home/jose/src/Archon/python/tests/mcp_server/utils/test_timeout_config.py PASSED [  6%]\ntests/mcp_server/utils/test_timeout_config.py::test_get_max_polling_attempts_invalid_env <- ../home/jose/src/Archon/python/tests/mcp_server/utils/test_timeout_config.py PASSED [  6%]\ntests/mcp_server/utils/test_timeout_config.py::test_get_polling_interval_base <- ../home/jose/src/Archon/python/tests/mcp_server/utils/test_timeout_config.py PASSED [  7%]\ntests/mcp_server/utils/test_timeout_config.py::test_get_polling_interval_exponential_backoff <- ../home/jose/src/Archon/python/tests/mcp_server/utils/test_timeout_config.py PASSED [  7%]\ntests/mcp_server/utils/test_timeout_config.py::test_get_polling_interval_custom_base <- ../home/jose/src/Archon/python/tests/mcp_server/utils/test_timeout_config.py PASSED [  7%]\ntests/mcp_server/utils/test_timeout_config.py::test_get_polling_interval_custom_max <- ../home/jose/src/Archon/python/tests/mcp_server/utils/test_timeout_config.py PASSED [  7%]\ntests/mcp_server/utils/test_timeout_config.py::test_get_polling_interval_all_custom <- ../home/jose/src/Archon/python/tests/mcp_server/utils/test_timeout_config.py PASSED [  7%]\ntests/mcp_server/utils/test_timeout_config.py::test_timeout_values_are_floats <- ../home/jose/src/Archon/python/tests/mcp_server/utils/test_timeout_config.py PASSED [  7%]\ntests/progress_tracking/integration/test_crawl_orchestration_progress.py::TestCrawlOrchestrationProgressIntegration::test_full_crawl_orchestration_progress <- ../home/jose/src/Archon/python/tests/progress_tracking/integration/test_crawl_orchestration_progress.py PASSED [  8%]\ntests/progress_tracking/integration/test_crawl_orchestration_progress.py::TestCrawlOrchestrationProgressIntegration::test_progress_mapper_integration <- ../home/jose/src/Archon/python/tests/progress_tracking/integration/test_crawl_orchestration_progress.py PASSED [  8%]\ntests/progress_tracking/integration/test_crawl_orchestration_progress.py::TestCrawlOrchestrationProgressIntegration::test_cancellation_during_orchestration <- ../home/jose/src/Archon/python/tests/progress_tracking/integration/test_crawl_orchestration_progress.py PASSED [  8%]\ntests/progress_tracking/integration/test_crawl_orchestration_progress.py::TestCrawlOrchestrationProgressIntegration::test_progress_callback_signature_compatibility <- ../home/jose/src/Archon/python/tests/progress_tracking/integration/test_crawl_orchestration_progress.py PASSED [  8%]\ntests/progress_tracking/integration/test_crawl_orchestration_progress.py::TestCrawlOrchestrationProgressIntegration::test_error_recovery_in_progress_tracking <- ../home/jose/src/Archon/python/tests/progress_tracking/integration/test_crawl_orchestration_progress.py PASSED [  8%]\ntests/progress_tracking/integration/test_document_storage_progress.py::TestDocumentStorageProgressIntegration::test_batch_progress_reporting <- ../home/jose/src/Archon/python/tests/progress_tracking/integration/test_document_storage_progress.py PASSED [  8%]\ntests/progress_tracking/integration/test_document_storage_progress.py::TestDocumentStorageProgressIntegration::test_progress_callback_signature <- ../home/jose/src/Archon/python/tests/progress_tracking/integration/test_document_storage_progress.py PASSED [  9%]\ntests/progress_tracking/integration/test_document_storage_progress.py::TestDocumentStorageProgressIntegration::test_cancellation_support <- ../home/jose/src/Archon/python/tests/progress_tracking/integration/test_document_storage_progress.py PASSED [  9%]\ntests/progress_tracking/integration/test_document_storage_progress.py::TestDocumentStorageProgressIntegration::test_error_handling_in_progress_reporting <- ../home/jose/src/Archon/python/tests/progress_tracking/integration/test_document_storage_progress.py PASSED [  9%]\ntests/progress_tracking/integration/test_document_storage_progress.py::TestProgressTrackerIntegration::test_full_crawl_progress_sequence <- ../home/jose/src/Archon/python/tests/progress_tracking/integration/test_document_storage_progress.py PASSED [  9%]\ntests/progress_tracking/integration/test_document_storage_progress.py::TestProgressTrackerIntegration::test_progress_tracker_with_batch_data <- ../home/jose/src/Archon/python/tests/progress_tracking/integration/test_document_storage_progress.py PASSED [  9%]\ntests/progress_tracking/integration/test_document_storage_progress.py::TestProgressTrackerIntegration::test_concurrent_progress_trackers <- ../home/jose/src/Archon/python/tests/progress_tracking/integration/test_document_storage_progress.py PASSED [  9%]\ntests/progress_tracking/test_batch_progress_bug.py::TestBatchProgressBug::test_document_storage_completion_maps_correctly <- ../home/jose/src/Archon/python/tests/progress_tracking/test_batch_progress_bug.py PASSED [ 10%]\ntests/progress_tracking/test_batch_progress_bug.py::TestBatchProgressBug::test_progress_tracker_prevents_raw_value_contamination <- ../home/jose/src/Archon/python/tests/progress_tracking/test_batch_progress_bug.py PASSED [ 10%]\ntests/progress_tracking/test_batch_progress_bug.py::TestBatchProgressBug::test_batch_processing_progress_sequence <- ../home/jose/src/Archon/python/tests/progress_tracking/test_batch_progress_bug.py PASSED [ 10%]\ntests/progress_tracking/test_progress_api.py::TestProgressAPI::test_get_progress_success <- ../home/jose/src/Archon/python/tests/progress_tracking/test_progress_api.py PASSED [ 10%]\ntests/progress_tracking/test_progress_api.py::TestProgressAPI::test_get_progress_not_found <- ../home/jose/src/Archon/python/tests/progress_tracking/test_progress_api.py PASSED [ 10%]\ntests/progress_tracking/test_progress_api.py::TestProgressAPI::test_get_progress_with_etag_cache <- ../home/jose/src/Archon/python/tests/progress_tracking/test_progress_api.py PASSED [ 10%]\ntests/progress_tracking/test_progress_api.py::TestProgressAPI::test_get_progress_poll_interval_headers <- ../home/jose/src/Archon/python/tests/progress_tracking/test_progress_api.py PASSED [ 11%]\ntests/progress_tracking/test_progress_api.py::TestProgressAPI::test_list_active_operations_success <- ../home/jose/src/Archon/python/tests/progress_tracking/test_progress_api.py PASSED [ 11%]\ntests/progress_tracking/test_progress_api.py::TestProgressAPI::test_list_active_operations_empty <- ../home/jose/src/Archon/python/tests/progress_tracking/test_progress_api.py PASSED [ 11%]\ntests/progress_tracking/test_progress_api.py::TestProgressAPI::test_get_progress_server_error <- ../home/jose/src/Archon/python/tests/progress_tracking/test_progress_api.py PASSED [ 11%]\ntests/progress_tracking/test_progress_api.py::TestProgressAPI::test_progress_response_model_validation <- ../home/jose/src/Archon/python/tests/progress_tracking/test_progress_api.py PASSED [ 11%]\ntests/progress_tracking/test_progress_api.py::TestProgressAPI::test_get_progress_different_operation_types <- ../home/jose/src/Archon/python/tests/progress_tracking/test_progress_api.py PASSED [ 11%]\ntests/progress_tracking/test_progress_mapper.py::TestProgressMapper::test_initialization <- ../home/jose/src/Archon/python/tests/progress_tracking/test_progress_mapper.py PASSED [ 12%]\ntests/progress_tracking/test_progress_mapper.py::TestProgressMapper::test_map_progress_basic <- ../home/jose/src/Archon/python/tests/progress_tracking/test_progress_mapper.py PASSED [ 12%]\ntests/progress_tracking/test_progress_mapper.py::TestProgressMapper::test_progress_never_goes_backwards <- ../home/jose/src/Archon/python/tests/progress_tracking/test_progress_mapper.py PASSED [ 12%]\ntests/progress_tracking/test_progress_mapper.py::TestProgressMapper::test_completion_handling <- ../home/jose/src/Archon/python/tests/progress_tracking/test_progress_mapper.py PASSED [ 12%]\ntests/progress_tracking/test_progress_mapper.py::TestProgressMapper::test_error_handling <- ../home/jose/src/Archon/python/tests/progress_tracking/test_progress_mapper.py PASSED [ 12%]\ntests/progress_tracking/test_progress_mapper.py::TestProgressMapper::test_cancelled_handling <- ../home/jose/src/Archon/python/tests/progress_tracking/test_progress_mapper.py PASSED [ 12%]\ntests/progress_tracking/test_progress_mapper.py::TestProgressMapper::test_unknown_stage <- ../home/jose/src/Archon/python/tests/progress_tracking/test_progress_mapper.py PASSED [ 12%]\ntests/progress_tracking/test_progress_mapper.py::TestProgressMapper::test_stage_ranges <- ../home/jose/src/Archon/python/tests/progress_tracking/test_progress_mapper.py PASSED [ 13%]\ntests/progress_tracking/test_progress_mapper.py::TestProgressMapper::test_calculate_stage_progress <- ../home/jose/src/Archon/python/tests/progress_tracking/test_progress_mapper.py PASSED [ 13%]\ntests/progress_tracking/test_progress_mapper.py::TestProgressMapper::test_map_batch_progress <- ../home/jose/src/Archon/python/tests/progress_tracking/test_progress_mapper.py PASSED [ 13%]\ntests/progress_tracking/test_progress_mapper.py::TestProgressMapper::test_map_with_substage <- ../home/jose/src/Archon/python/tests/progress_tracking/test_progress_mapper.py PASSED [ 13%]\ntests/progress_tracking/test_progress_mapper.py::TestProgressMapper::test_reset <- ../home/jose/src/Archon/python/tests/progress_tracking/test_progress_mapper.py PASSED [ 13%]\ntests/progress_tracking/test_progress_mapper.py::TestProgressMapper::test_get_current_stage <- ../home/jose/src/Archon/python/tests/progress_tracking/test_progress_mapper.py PASSED [ 13%]\ntests/progress_tracking/test_progress_mapper.py::TestProgressMapper::test_get_current_progress <- ../home/jose/src/Archon/python/tests/progress_tracking/test_progress_mapper.py PASSED [ 14%]\ntests/progress_tracking/test_progress_mapper.py::TestProgressMapper::test_get_stage_range <- ../home/jose/src/Archon/python/tests/progress_tracking/test_progress_mapper.py PASSED [ 14%]\ntests/progress_tracking/test_progress_mapper.py::TestProgressMapper::test_realistic_crawl_sequence <- ../home/jose/src/Archon/python/tests/progress_tracking/test_progress_mapper.py PASSED [ 14%]\ntests/progress_tracking/test_progress_models.py::TestProgressDetails::test_create_with_snake_case_fields <- ../home/jose/src/Archon/python/tests/progress_tracking/test_progress_models.py PASSED [ 14%]\ntests/progress_tracking/test_progress_models.py::TestProgressDetails::test_create_with_camel_case_fields <- ../home/jose/src/Archon/python/tests/progress_tracking/test_progress_models.py PASSED [ 14%]\ntests/progress_tracking/test_progress_models.py::TestProgressDetails::test_model_dump_uses_aliases <- ../home/jose/src/Archon/python/tests/progress_tracking/test_progress_models.py PASSED [ 14%]\ntests/progress_tracking/test_progress_models.py::TestBaseProgressResponse::test_create_minimal_response <- ../home/jose/src/Archon/python/tests/progress_tracking/test_progress_models.py PASSED [ 15%]\ntests/progress_tracking/test_progress_models.py::TestBaseProgressResponse::test_progress_validation <- ../home/jose/src/Archon/python/tests/progress_tracking/test_progress_models.py PASSED [ 15%]\ntests/progress_tracking/test_progress_models.py::TestBaseProgressResponse::test_logs_validation_and_conversion <- ../home/jose/src/Archon/python/tests/progress_tracking/test_progress_models.py PASSED [ 15%]\ntests/progress_tracking/test_progress_models.py::TestBaseProgressResponse::test_camel_case_aliases <- ../home/jose/src/Archon/python/tests/progress_tracking/test_progress_models.py PASSED [ 15%]\ntests/progress_tracking/test_progress_models.py::TestCrawlProgressResponse::test_create_crawl_response_with_batch_info <- ../home/jose/src/Archon/python/tests/progress_tracking/test_progress_models.py PASSED [ 15%]\ntests/progress_tracking/test_progress_models.py::TestCrawlProgressResponse::test_create_with_code_extraction_fields <- ../home/jose/src/Archon/python/tests/progress_tracking/test_progress_models.py PASSED [ 15%]\ntests/progress_tracking/test_progress_models.py::TestCrawlProgressResponse::test_status_validation <- ../home/jose/src/Archon/python/tests/progress_tracking/test_progress_models.py PASSED [ 16%]\ntests/progress_tracking/test_progress_models.py::TestCrawlProgressResponse::test_camel_case_field_aliases <- ../home/jose/src/Archon/python/tests/progress_tracking/test_progress_models.py PASSED [ 16%]\ntests/progress_tracking/test_progress_models.py::TestCrawlProgressResponse::test_duration_conversion <- ../home/jose/src/Archon/python/tests/progress_tracking/test_progress_models.py PASSED [ 16%]\ntests/progress_tracking/test_progress_models.py::TestUploadProgressResponse::test_create_upload_response <- ../home/jose/src/Archon/python/tests/progress_tracking/test_progress_models.py PASSED [ 16%]\ntests/progress_tracking/test_progress_models.py::TestUploadProgressResponse::test_upload_status_validation <- ../home/jose/src/Archon/python/tests/progress_tracking/test_progress_models.py PASSED [ 16%]\ntests/progress_tracking/test_progress_models.py::TestProjectCreationProgressResponse::test_project_creation_status_validation <- ../home/jose/src/Archon/python/tests/progress_tracking/test_progress_models.py PASSED [ 16%]\ntests/progress_tracking/test_progress_models.py::TestProgressResponseFactory::test_create_crawl_response <- ../home/jose/src/Archon/python/tests/progress_tracking/test_progress_models.py PASSED [ 17%]\ntests/progress_tracking/test_progress_models.py::TestProgressResponseFactory::test_create_upload_response <- ../home/jose/src/Archon/python/tests/progress_tracking/test_progress_models.py PASSED [ 17%]\ntests/progress_tracking/test_progress_models.py::TestProgressResponseFactory::test_create_response_with_details <- ../home/jose/src/Archon/python/tests/progress_tracking/test_progress_models.py PASSED [ 17%]\ntests/progress_tracking/test_progress_models.py::TestProgressResponseFactory::test_factory_handles_missing_fields <- ../home/jose/src/Archon/python/tests/progress_tracking/test_progress_models.py PASSED [ 17%]\ntests/progress_tracking/test_progress_models.py::TestProgressResponseFactory::test_factory_unknown_operation_type <- ../home/jose/src/Archon/python/tests/progress_tracking/test_progress_models.py PASSED [ 17%]\ntests/progress_tracking/test_progress_models.py::TestProgressResponseFactory::test_factory_validation_error_fallback <- ../home/jose/src/Archon/python/tests/progress_tracking/test_progress_models.py PASSED [ 17%]\ntests/progress_tracking/test_progress_tracker.py::TestProgressTracker::test_initialization <- ../home/jose/src/Archon/python/tests/progress_tracking/test_progress_tracker.py PASSED [ 18%]\ntests/progress_tracking/test_progress_tracker.py::TestProgressTracker::test_get_progress <- ../home/jose/src/Archon/python/tests/progress_tracking/test_progress_tracker.py PASSED [ 18%]\ntests/progress_tracking/test_progress_tracker.py::TestProgressTracker::test_clear_progress <- ../home/jose/src/Archon/python/tests/progress_tracking/test_progress_tracker.py PASSED [ 18%]\ntests/progress_tracking/test_progress_tracker.py::TestProgressTracker::test_start <- ../home/jose/src/Archon/python/tests/progress_tracking/test_progress_tracker.py PASSED [ 18%]\ntests/progress_tracking/test_progress_tracker.py::TestProgressTracker::test_update <- ../home/jose/src/Archon/python/tests/progress_tracking/test_progress_tracker.py PASSED [ 18%]\ntests/progress_tracking/test_progress_tracker.py::TestProgressTracker::test_progress_never_goes_backwards <- ../home/jose/src/Archon/python/tests/progress_tracking/test_progress_tracker.py PASSED [ 18%]\ntests/progress_tracking/test_progress_tracker.py::TestProgressTracker::test_complete <- ../home/jose/src/Archon/python/tests/progress_tracking/test_progress_tracker.py PASSED [ 19%]\ntests/progress_tracking/test_progress_tracker.py::TestProgressTracker::test_error <- ../home/jose/src/Archon/python/tests/progress_tracking/test_progress_tracker.py PASSED [ 19%]\ntests/progress_tracking/test_progress_tracker.py::TestProgressTracker::test_update_crawl_stats <- ../home/jose/src/Archon/python/tests/progress_tracking/test_progress_tracker.py PASSED [ 19%]\ntests/progress_tracking/test_progress_tracker.py::TestProgressTracker::test_update_storage_progress <- ../home/jose/src/Archon/python/tests/progress_tracking/test_progress_tracker.py PASSED [ 19%]\ntests/progress_tracking/test_progress_tracker.py::TestProgressTracker::test_update_code_extraction_progress <- ../home/jose/src/Archon/python/tests/progress_tracking/test_progress_tracker.py PASSED [ 19%]\ntests/progress_tracking/test_progress_tracker.py::TestProgressTracker::test_update_batch_progress <- ../home/jose/src/Archon/python/tests/progress_tracking/test_progress_tracker.py PASSED [ 19%]\ntests/progress_tracking/test_progress_tracker.py::TestProgressTracker::test_multiple_trackers <- ../home/jose/src/Archon/python/tests/progress_tracking/test_progress_tracker.py PASSED [ 20%]\ntests/server/api_routes/test_mcp_analytics_api.py::test_get_hourly_analytics_default_hours <- ../home/jose/src/Archon/python/tests/server/api_routes/test_mcp_analytics_api.py PASSED [ 20%]\ntests/server/api_routes/test_mcp_analytics_api.py::test_get_hourly_analytics_custom_hours <- ../home/jose/src/Archon/python/tests/server/api_routes/test_mcp_analytics_api.py PASSED [ 20%]\ntests/server/api_routes/test_mcp_analytics_api.py::test_get_hourly_analytics_hours_validation_too_low <- ../home/jose/src/Archon/python/tests/server/api_routes/test_mcp_analytics_api.py PASSED [ 20%]\ntests/server/api_routes/test_mcp_analytics_api.py::test_get_hourly_analytics_hours_validation_too_high <- ../home/jose/src/Archon/python/tests/server/api_routes/test_mcp_analytics_api.py PASSED [ 20%]\ntests/server/api_routes/test_mcp_analytics_api.py::test_get_hourly_analytics_empty_results <- ../home/jose/src/Archon/python/tests/server/api_routes/test_mcp_analytics_api.py PASSED [ 20%]\ntests/server/api_routes/test_mcp_analytics_api.py::test_get_hourly_analytics_etag_generation <- ../home/jose/src/Archon/python/tests/server/api_routes/test_mcp_analytics_api.py PASSED [ 21%]\ntests/server/api_routes/test_mcp_analytics_api.py::test_get_hourly_analytics_304_not_modified <- ../home/jose/src/Archon/python/tests/server/api_routes/test_mcp_analytics_api.py PASSED [ 21%]\ntests/server/api_routes/test_mcp_analytics_api.py::test_get_hourly_analytics_database_error <- ../home/jose/src/Archon/python/tests/server/api_routes/test_mcp_analytics_api.py PASSED [ 21%]\ntests/server/api_routes/test_mcp_analytics_api.py::test_get_daily_analytics_default_days <- ../home/jose/src/Archon/python/tests/server/api_routes/test_mcp_analytics_api.py PASSED [ 21%]\ntests/server/api_routes/test_mcp_analytics_api.py::test_get_daily_analytics_custom_days <- ../home/jose/src/Archon/python/tests/server/api_routes/test_mcp_analytics_api.py PASSED [ 21%]\ntests/server/api_routes/test_mcp_analytics_api.py::test_get_daily_analytics_days_validation_too_low <- ../home/jose/src/Archon/python/tests/server/api_routes/test_mcp_analytics_api.py PASSED [ 21%]\ntests/server/api_routes/test_mcp_analytics_api.py::test_get_daily_analytics_days_validation_too_high <- ../home/jose/src/Archon/python/tests/server/api_routes/test_mcp_analytics_api.py PASSED [ 22%]\ntests/server/api_routes/test_mcp_analytics_api.py::test_get_daily_analytics_empty_results <- ../home/jose/src/Archon/python/tests/server/api_routes/test_mcp_analytics_api.py PASSED [ 22%]\ntests/server/api_routes/test_mcp_analytics_api.py::test_get_daily_analytics_etag_generation <- ../home/jose/src/Archon/python/tests/server/api_routes/test_mcp_analytics_api.py PASSED [ 22%]\ntests/server/api_routes/test_mcp_analytics_api.py::test_get_daily_analytics_304_not_modified <- ../home/jose/src/Archon/python/tests/server/api_routes/test_mcp_analytics_api.py PASSED [ 22%]\ntests/server/api_routes/test_mcp_analytics_api.py::test_get_daily_analytics_database_error <- ../home/jose/src/Archon/python/tests/server/api_routes/test_mcp_analytics_api.py PASSED [ 22%]\ntests/server/api_routes/test_mcp_analytics_api.py::test_get_24h_summary_calculation <- ../home/jose/src/Archon/python/tests/server/api_routes/test_mcp_analytics_api.py PASSED [ 22%]\ntests/server/api_routes/test_mcp_analytics_api.py::test_get_24h_summary_tool_usage_sorting <- ../home/jose/src/Archon/python/tests/server/api_routes/test_mcp_analytics_api.py PASSED [ 23%]\ntests/server/api_routes/test_mcp_analytics_api.py::test_get_24h_summary_success_rate_calculation <- ../home/jose/src/Archon/python/tests/server/api_routes/test_mcp_analytics_api.py PASSED [ 23%]\ntests/server/api_routes/test_mcp_analytics_api.py::test_get_24h_summary_empty_events <- ../home/jose/src/Archon/python/tests/server/api_routes/test_mcp_analytics_api.py PASSED [ 23%]\ntests/server/api_routes/test_mcp_analytics_api.py::test_get_24h_summary_etag_generation <- ../home/jose/src/Archon/python/tests/server/api_routes/test_mcp_analytics_api.py PASSED [ 23%]\ntests/server/api_routes/test_mcp_analytics_api.py::test_get_24h_summary_304_not_modified <- ../home/jose/src/Archon/python/tests/server/api_routes/test_mcp_analytics_api.py PASSED [ 23%]\ntests/server/api_routes/test_mcp_analytics_api.py::test_get_24h_summary_database_error <- ../home/jose/src/Archon/python/tests/server/api_routes/test_mcp_analytics_api.py PASSED [ 23%]\ntests/server/api_routes/test_mcp_analytics_api.py::test_refresh_materialized_views_success <- ../home/jose/src/Archon/python/tests/server/api_routes/test_mcp_analytics_api.py PASSED [ 24%]\ntests/server/api_routes/test_mcp_analytics_api.py::test_refresh_materialized_views_no_data_returned <- ../home/jose/src/Archon/python/tests/server/api_routes/test_mcp_analytics_api.py PASSED [ 24%]\ntests/server/api_routes/test_mcp_analytics_api.py::test_refresh_materialized_views_database_error <- ../home/jose/src/Archon/python/tests/server/api_routes/test_mcp_analytics_api.py PASSED [ 24%]\ntests/server/api_routes/test_mcp_analytics_api.py::test_refresh_materialized_views_response_structure <- ../home/jose/src/Archon/python/tests/server/api_routes/test_mcp_analytics_api.py PASSED [ 24%]\ntests/server/api_routes/test_mcp_analytics_api.py::test_hourly_analytics_table_name <- ../home/jose/src/Archon/python/tests/server/api_routes/test_mcp_analytics_api.py PASSED [ 24%]\ntests/server/api_routes/test_mcp_analytics_api.py::test_daily_analytics_table_name <- ../home/jose/src/Archon/python/tests/server/api_routes/test_mcp_analytics_api.py PASSED [ 24%]\ntests/server/api_routes/test_mcp_analytics_api.py::test_summary_events_table_name <- ../home/jose/src/Archon/python/tests/server/api_routes/test_mcp_analytics_api.py PASSED [ 25%]\ntests/server/api_routes/test_mcp_analytics_api.py::test_summary_handles_missing_tool_names <- ../home/jose/src/Archon/python/tests/server/api_routes/test_mcp_analytics_api.py PASSED [ 25%]\ntests/server/api_routes/test_mcp_analytics_api.py::test_get_knowledge_base_analytics_success <- ../home/jose/src/Archon/python/tests/server/api_routes/test_mcp_analytics_api.py PASSED [ 25%]\ntests/server/api_routes/test_mcp_analytics_api.py::test_get_knowledge_base_analytics_empty <- ../home/jose/src/Archon/python/tests/server/api_routes/test_mcp_analytics_api.py PASSED [ 25%]\ntests/server/api_routes/test_mcp_analytics_api.py::test_get_knowledge_base_analytics_custom_hours <- ../home/jose/src/Archon/python/tests/server/api_routes/test_mcp_analytics_api.py PASSED [ 25%]\ntests/server/api_routes/test_mcp_analytics_api.py::test_get_knowledge_base_analytics_validation <- ../home/jose/src/Archon/python/tests/server/api_routes/test_mcp_analytics_api.py PASSED [ 25%]\ntests/server/api_routes/test_mcp_analytics_api.py::test_get_knowledge_base_analytics_etag <- ../home/jose/src/Archon/python/tests/server/api_routes/test_mcp_analytics_api.py PASSED [ 25%]\ntests/server/api_routes/test_mcp_analytics_api.py::test_get_knowledge_base_analytics_etag_empty_state <- ../home/jose/src/Archon/python/tests/server/api_routes/test_mcp_analytics_api.py PASSED [ 26%]\ntests/server/api_routes/test_mcp_analytics_api.py::test_get_knowledge_base_analytics_percentage_calculation <- ../home/jose/src/Archon/python/tests/server/api_routes/test_mcp_analytics_api.py PASSED [ 26%]\ntests/server/api_routes/test_mcp_analytics_api.py::test_get_knowledge_base_analytics_sorting <- ../home/jose/src/Archon/python/tests/server/api_routes/test_mcp_analytics_api.py PASSED [ 26%]\ntests/server/api_routes/test_mcp_analytics_api.py::test_get_knowledge_base_analytics_response_structure <- ../home/jose/src/Archon/python/tests/server/api_routes/test_mcp_analytics_api.py PASSED [ 26%]\ntests/server/api_routes/test_mcp_analytics_api.py::test_get_knowledge_base_analytics_database_error <- ../home/jose/src/Archon/python/tests/server/api_routes/test_mcp_analytics_api.py PASSED [ 26%]\ntests/server/api_routes/test_mcp_analytics_api.py::test_get_knowledge_base_analytics_limit_to_top_10 <- ../home/jose/src/Archon/python/tests/server/api_routes/test_mcp_analytics_api.py PASSED [ 26%]\ntests/server/api_routes/test_mcp_analytics_api.py::test_get_knowledge_base_analytics_source_name_fallback <- ../home/jose/src/Archon/python/tests/server/api_routes/test_mcp_analytics_api.py PASSED [ 27%]\ntests/server/api_routes/test_mcp_analytics_api.py::test_get_knowledge_base_analytics_default_hours_parameter <- ../home/jose/src/Archon/python/tests/server/api_routes/test_mcp_analytics_api.py PASSED [ 27%]\ntests/server/api_routes/test_migration_api.py::test_get_migration_status_success <- ../home/jose/src/Archon/python/tests/server/api_routes/test_migration_api.py PASSED [ 27%]\ntests/server/api_routes/test_migration_api.py::test_get_migration_status_bootstrap_required <- ../home/jose/src/Archon/python/tests/server/api_routes/test_migration_api.py PASSED [ 27%]\ntests/server/api_routes/test_migration_api.py::test_get_migration_status_error <- ../home/jose/src/Archon/python/tests/server/api_routes/test_migration_api.py PASSED [ 27%]\ntests/server/api_routes/test_migration_api.py::test_get_migration_history_success <- ../home/jose/src/Archon/python/tests/server/api_routes/test_migration_api.py PASSED [ 27%]\ntests/server/api_routes/test_migration_api.py::test_get_migration_history_empty <- ../home/jose/src/Archon/python/tests/server/api_routes/test_migration_api.py PASSED [ 28%]\ntests/server/api_routes/test_migration_api.py::test_get_migration_history_error <- ../home/jose/src/Archon/python/tests/server/api_routes/test_migration_api.py PASSED [ 28%]\ntests/server/api_routes/test_migration_api.py::test_get_pending_migrations_success <- ../home/jose/src/Archon/python/tests/server/api_routes/test_migration_api.py PASSED [ 28%]\ntests/server/api_routes/test_migration_api.py::test_get_pending_migrations_none <- ../home/jose/src/Archon/python/tests/server/api_routes/test_migration_api.py PASSED [ 28%]\ntests/server/api_routes/test_migration_api.py::test_get_pending_migrations_error <- ../home/jose/src/Archon/python/tests/server/api_routes/test_migration_api.py PASSED [ 28%]\ntests/server/api_routes/test_projects_api_polling.py::TestProjectsListPolling::test_list_projects_with_etag_generation <- ../home/jose/src/Archon/python/tests/server/api_routes/test_projects_api_polling.py PASSED [ 28%]\ntests/server/api_routes/test_projects_api_polling.py::TestProjectsListPolling::test_list_projects_returns_304_with_matching_etag <- ../home/jose/src/Archon/python/tests/server/api_routes/test_projects_api_polling.py PASSED [ 29%]\ntests/server/api_routes/test_projects_api_polling.py::TestProjectsListPolling::test_list_projects_etag_changes_with_data <- ../home/jose/src/Archon/python/tests/server/api_routes/test_projects_api_polling.py PASSED [ 29%]\ntests/server/api_routes/test_projects_api_polling.py::TestProjectsListPolling::test_list_projects_http_with_etag <- ../home/jose/src/Archon/python/tests/server/api_routes/test_projects_api_polling.py PASSED [ 29%]\ntests/server/api_routes/test_projects_api_polling.py::TestProjectTasksPolling::test_list_project_tasks_with_etag <- ../home/jose/src/Archon/python/tests/server/api_routes/test_projects_api_polling.py PASSED [ 29%]\ntests/server/api_routes/test_projects_api_polling.py::TestProjectTasksPolling::test_list_project_tasks_304_response <- ../home/jose/src/Archon/python/tests/server/api_routes/test_projects_api_polling.py PASSED [ 29%]\ntests/server/api_routes/test_projects_api_polling.py::TestProjectTasksPolling::test_list_project_tasks_http_polling <- ../home/jose/src/Archon/python/tests/server/api_routes/test_projects_api_polling.py PASSED [ 29%]\ntests/server/api_routes/test_projects_api_polling.py::TestPollingEdgeCases::test_empty_projects_list_etag <- ../home/jose/src/Archon/python/tests/server/api_routes/test_projects_api_polling.py PASSED [ 30%]\ntests/server/api_routes/test_projects_api_polling.py::TestPollingEdgeCases::test_project_not_found_no_etag <- ../home/jose/src/Archon/python/tests/server/api_routes/test_projects_api_polling.py PASSED [ 30%]\ntests/server/api_routes/test_version_api.py::test_check_for_updates_success <- ../home/jose/src/Archon/python/tests/server/api_routes/test_version_api.py PASSED [ 30%]\ntests/server/api_routes/test_version_api.py::test_check_for_updates_no_update <- ../home/jose/src/Archon/python/tests/server/api_routes/test_version_api.py PASSED [ 30%]\ntests/server/api_routes/test_version_api.py::test_check_for_updates_with_etag_modified <- ../home/jose/src/Archon/python/tests/server/api_routes/test_version_api.py PASSED [ 30%]\ntests/server/api_routes/test_version_api.py::test_check_for_updates_error_handling <- ../home/jose/src/Archon/python/tests/server/api_routes/test_version_api.py PASSED [ 30%]\ntests/server/api_routes/test_version_api.py::test_get_current_version <- ../home/jose/src/Archon/python/tests/server/api_routes/test_version_api.py PASSED [ 31%]\ntests/server/api_routes/test_version_api.py::test_clear_version_cache_success <- ../home/jose/src/Archon/python/tests/server/api_routes/test_version_api.py PASSED [ 31%]\ntests/server/api_routes/test_version_api.py::test_clear_version_cache_error <- ../home/jose/src/Archon/python/tests/server/api_routes/test_version_api.py PASSED [ 31%]\ntests/server/services/test_knowledge_service_example.py::test_get_available_sources_empty <- ../home/jose/src/Archon/python/tests/server/services/test_knowledge_service_example.py PASSED [ 31%]\ntests/server/services/test_knowledge_service_example.py::test_get_available_sources_with_data <- ../home/jose/src/Archon/python/tests/server/services/test_knowledge_service_example.py PASSED [ 31%]\ntests/server/services/test_knowledge_service_example.py::test_source_with_metadata <- ../home/jose/src/Archon/python/tests/server/services/test_knowledge_service_example.py PASSED [ 31%]\ntests/server/services/test_knowledge_service_example.py::test_determine_source_type_from_metadata <- ../home/jose/src/Archon/python/tests/server/services/test_knowledge_service_example.py PASSED [ 32%]\ntests/server/services/test_knowledge_service_example.py::test_determine_source_type_from_file_url <- ../home/jose/src/Archon/python/tests/server/services/test_knowledge_service_example.py PASSED [ 32%]\ntests/server/services/test_knowledge_service_example.py::test_determine_source_type_from_http_url <- ../home/jose/src/Archon/python/tests/server/services/test_knowledge_service_example.py PASSED [ 32%]\ntests/server/services/test_knowledge_service_example.py::test_update_item_title <- ../home/jose/src/Archon/python/tests/server/services/test_knowledge_service_example.py SKIPPED [ 32%]\ntests/server/services/test_knowledge_service_example.py::test_filter_by_search <- ../home/jose/src/Archon/python/tests/server/services/test_knowledge_service_example.py PASSED [ 32%]\ntests/server/services/test_knowledge_service_example.py::test_filter_by_knowledge_type <- ../home/jose/src/Archon/python/tests/server/services/test_knowledge_service_example.py PASSED [ 32%]\ntests/server/services/test_llms_full_parser.py::test_create_section_slug <- ../home/jose/src/Archon/python/tests/server/services/test_llms_full_parser.py PASSED [ 33%]\ntests/server/services/test_llms_full_parser.py::test_create_section_url <- ../home/jose/src/Archon/python/tests/server/services/test_llms_full_parser.py PASSED [ 33%]\ntests/server/services/test_llms_full_parser.py::test_parse_single_section <- ../home/jose/src/Archon/python/tests/server/services/test_llms_full_parser.py PASSED [ 33%]\ntests/server/services/test_llms_full_parser.py::test_parse_multiple_sections <- ../home/jose/src/Archon/python/tests/server/services/test_llms_full_parser.py PASSED [ 33%]\ntests/server/services/test_llms_full_parser.py::test_no_h1_headers <- ../home/jose/src/Archon/python/tests/server/services/test_llms_full_parser.py PASSED [ 33%]\ntests/server/services/test_llms_full_parser.py::test_h2_not_treated_as_section <- ../home/jose/src/Archon/python/tests/server/services/test_llms_full_parser.py PASSED [ 33%]\ntests/server/services/test_llms_full_parser.py::test_empty_sections_skipped <- ../home/jose/src/Archon/python/tests/server/services/test_llms_full_parser.py PASSED [ 34%]\ntests/server/services/test_llms_full_parser.py::test_consecutive_h1_headers <- ../home/jose/src/Archon/python/tests/server/services/test_llms_full_parser.py PASSED [ 34%]\ntests/server/services/test_llms_full_parser.py::test_word_count_calculation <- ../home/jose/src/Archon/python/tests/server/services/test_llms_full_parser.py PASSED [ 34%]\ntests/server/services/test_llms_full_parser.py::test_empty_content <- ../home/jose/src/Archon/python/tests/server/services/test_llms_full_parser.py PASSED [ 34%]\ntests/server/services/test_llms_full_parser.py::test_whitespace_only_content <- ../home/jose/src/Archon/python/tests/server/services/test_llms_full_parser.py PASSED [ 34%]\ntests/server/services/test_migration_service.py::test_pending_migration_init <- ../home/jose/src/Archon/python/tests/server/services/test_migration_service.py PASSED [ 34%]\ntests/server/services/test_migration_service.py::test_migration_record_init <- ../home/jose/src/Archon/python/tests/server/services/test_migration_service.py PASSED [ 35%]\ntests/server/services/test_migration_service.py::test_migration_service_init_local <- ../home/jose/src/Archon/python/tests/server/services/test_migration_service.py PASSED [ 35%]\ntests/server/services/test_migration_service.py::test_migration_service_init_docker <- ../home/jose/src/Archon/python/tests/server/services/test_migration_service.py PASSED [ 35%]\ntests/server/services/test_migration_service.py::test_get_applied_migrations_success <- ../home/jose/src/Archon/python/tests/server/services/test_migration_service.py PASSED [ 35%]\ntests/server/services/test_migration_service.py::test_get_applied_migrations_table_not_exists <- ../home/jose/src/Archon/python/tests/server/services/test_migration_service.py PASSED [ 35%]\ntests/server/services/test_migration_service.py::test_get_pending_migrations_with_files <- ../home/jose/src/Archon/python/tests/server/services/test_migration_service.py PASSED [ 35%]\ntests/server/services/test_migration_service.py::test_get_pending_migrations_some_applied <- ../home/jose/src/Archon/python/tests/server/services/test_migration_service.py PASSED [ 36%]\ntests/server/services/test_migration_service.py::test_get_migration_status_all_applied <- ../home/jose/src/Archon/python/tests/server/services/test_migration_service.py PASSED [ 36%]\ntests/server/services/test_migration_service.py::test_get_migration_status_bootstrap_required <- ../home/jose/src/Archon/python/tests/server/services/test_migration_service.py PASSED [ 36%]\ntests/server/services/test_migration_service.py::test_get_migration_status_no_files <- ../home/jose/src/Archon/python/tests/server/services/test_migration_service.py PASSED [ 36%]\ntests/server/services/test_project_service.py::test_create_project_success <- ../home/jose/src/Archon/python/tests/server/services/test_project_service.py PASSED [ 36%]\ntests/server/services/test_project_service.py::test_create_project_without_github_repo <- ../home/jose/src/Archon/python/tests/server/services/test_project_service.py PASSED [ 36%]\ntests/server/services/test_project_service.py::test_create_project_empty_title_fails <- ../home/jose/src/Archon/python/tests/server/services/test_project_service.py PASSED [ 37%]\ntests/server/services/test_project_service.py::test_create_project_whitespace_title_fails <- ../home/jose/src/Archon/python/tests/server/services/test_project_service.py PASSED [ 37%]\ntests/server/services/test_project_service.py::test_create_project_strips_whitespace <- ../home/jose/src/Archon/python/tests/server/services/test_project_service.py PASSED [ 37%]\ntests/server/services/test_project_service.py::test_list_projects_empty <- ../home/jose/src/Archon/python/tests/server/services/test_project_service.py PASSED [ 37%]\ntests/server/services/test_project_service.py::test_list_projects_with_content <- ../home/jose/src/Archon/python/tests/server/services/test_project_service.py PASSED [ 37%]\ntests/server/services/test_project_service.py::test_list_projects_lightweight <- ../home/jose/src/Archon/python/tests/server/services/test_project_service.py PASSED [ 37%]\ntests/server/services/test_project_service.py::test_list_projects_ordered_by_created_at <- ../home/jose/src/Archon/python/tests/server/services/test_project_service.py PASSED [ 37%]\ntests/server/services/test_project_service.py::test_get_project_success <- ../home/jose/src/Archon/python/tests/server/services/test_project_service.py PASSED [ 38%]\ntests/server/services/test_project_service.py::test_get_nonexistent_project <- ../home/jose/src/Archon/python/tests/server/services/test_project_service.py PASSED [ 38%]\ntests/server/services/test_project_service.py::test_get_project_with_linked_sources <- ../home/jose/src/Archon/python/tests/server/services/test_project_service.py PASSED [ 38%]\ntests/server/services/test_project_service.py::test_update_project_title <- ../home/jose/src/Archon/python/tests/server/services/test_project_service.py PASSED [ 38%]\ntests/server/services/test_project_service.py::test_update_project_multiple_fields <- ../home/jose/src/Archon/python/tests/server/services/test_project_service.py PASSED [ 38%]\ntests/server/services/test_project_service.py::test_update_nonexistent_project <- ../home/jose/src/Archon/python/tests/server/services/test_project_service.py PASSED [ 38%]\ntests/server/services/test_project_service.py::test_update_project_pinned_unpins_others <- ../home/jose/src/Archon/python/tests/server/services/test_project_service.py PASSED [ 39%]\ntests/server/services/test_project_service.py::test_delete_project_success <- ../home/jose/src/Archon/python/tests/server/services/test_project_service.py PASSED [ 39%]\ntests/server/services/test_project_service.py::test_delete_project_cascades_to_tasks <- ../home/jose/src/Archon/python/tests/server/services/test_project_service.py PASSED [ 39%]\ntests/server/services/test_project_service.py::test_delete_nonexistent_project <- ../home/jose/src/Archon/python/tests/server/services/test_project_service.py PASSED [ 39%]\ntests/server/services/test_project_service.py::test_get_project_features_success <- ../home/jose/src/Archon/python/tests/server/services/test_project_service.py PASSED [ 39%]\ntests/server/services/test_project_service.py::test_get_project_features_empty <- ../home/jose/src/Archon/python/tests/server/services/test_project_service.py PASSED [ 39%]\ntests/server/services/test_project_service.py::test_get_features_nonexistent_project <- ../home/jose/src/Archon/python/tests/server/services/test_project_service.py PASSED [ 40%]\ntests/server/services/test_project_service.py::test_get_project_features_filters_valid_features <- ../home/jose/src/Archon/python/tests/server/services/test_project_service.py PASSED [ 40%]\ntests/server/services/test_project_service.py::test_full_project_lifecycle <- ../home/jose/src/Archon/python/tests/server/services/test_project_service.py PASSED [ 40%]\ntests/server/services/test_task_service.py::test_create_task_success <- ../home/jose/src/Archon/python/tests/server/services/test_task_service.py PASSED [ 40%]\ntests/server/services/test_task_service.py::test_create_task_with_defaults <- ../home/jose/src/Archon/python/tests/server/services/test_task_service.py PASSED [ 40%]\ntests/server/services/test_task_service.py::test_create_task_empty_title_fails <- ../home/jose/src/Archon/python/tests/server/services/test_task_service.py PASSED [ 40%]\ntests/server/services/test_task_service.py::test_create_task_invalid_priority_fails <- ../home/jose/src/Archon/python/tests/server/services/test_task_service.py PASSED [ 41%]\ntests/server/services/test_task_service.py::test_create_task_with_feature <- ../home/jose/src/Archon/python/tests/server/services/test_task_service.py PASSED [ 41%]\ntests/server/services/test_task_service.py::test_create_task_with_ordering <- ../home/jose/src/Archon/python/tests/server/services/test_task_service.py PASSED [ 41%]\ntests/server/services/test_task_service.py::test_list_tasks_empty <- ../home/jose/src/Archon/python/tests/server/services/test_task_service.py PASSED [ 41%]\ntests/server/services/test_task_service.py::test_list_tasks_for_project <- ../home/jose/src/Archon/python/tests/server/services/test_task_service.py PASSED [ 41%]\ntests/server/services/test_task_service.py::test_list_tasks_by_status <- ../home/jose/src/Archon/python/tests/server/services/test_task_service.py PASSED [ 41%]\ntests/server/services/test_task_service.py::test_list_tasks_excludes_done_by_default <- ../home/jose/src/Archon/python/tests/server/services/test_task_service.py PASSED [ 42%]\ntests/server/services/test_task_service.py::test_list_tasks_includes_done_when_requested <- ../home/jose/src/Archon/python/tests/server/services/test_task_service.py PASSED [ 42%]\ntests/server/services/test_task_service.py::test_list_tasks_excludes_archived <- ../home/jose/src/Archon/python/tests/server/services/test_task_service.py PASSED [ 42%]\ntests/server/services/test_task_service.py::test_list_tasks_with_search <- ../home/jose/src/Archon/python/tests/server/services/test_task_service.py PASSED [ 42%]\ntests/server/services/test_task_service.py::test_update_task_title <- ../home/jose/src/Archon/python/tests/server/services/test_task_service.py PASSED [ 42%]\ntests/server/services/test_task_service.py::test_update_task_status <- ../home/jose/src/Archon/python/tests/server/services/test_task_service.py PASSED [ 42%]\ntests/server/services/test_task_service.py::test_update_task_invalid_status <- ../home/jose/src/Archon/python/tests/server/services/test_task_service.py PASSED [ 43%]\ntests/server/services/test_task_service.py::test_update_task_priority <- ../home/jose/src/Archon/python/tests/server/services/test_task_service.py PASSED [ 43%]\ntests/server/services/test_task_service.py::test_update_task_multiple_fields <- ../home/jose/src/Archon/python/tests/server/services/test_task_service.py PASSED [ 43%]\ntests/server/services/test_task_service.py::test_update_nonexistent_task <- ../home/jose/src/Archon/python/tests/server/services/test_task_service.py PASSED [ 43%]\ntests/server/services/test_task_service.py::test_get_task_success <- ../home/jose/src/Archon/python/tests/server/services/test_task_service.py PASSED [ 43%]\ntests/server/services/test_task_service.py::test_get_nonexistent_task <- ../home/jose/src/Archon/python/tests/server/services/test_task_service.py PASSED [ 43%]\ntests/server/services/test_task_service.py::test_archive_task_success <- ../home/jose/src/Archon/python/tests/server/services/test_task_service.py PASSED [ 44%]\ntests/server/services/test_task_service.py::test_archive_nonexistent_task <- ../home/jose/src/Archon/python/tests/server/services/test_task_service.py PASSED [ 44%]\ntests/server/services/test_task_service.py::test_archive_already_archived_task <- ../home/jose/src/Archon/python/tests/server/services/test_task_service.py PASSED [ 44%]\ntests/server/services/test_task_service.py::test_get_task_counts_single_project <- ../home/jose/src/Archon/python/tests/server/services/test_task_service.py PASSED [ 44%]\ntests/server/services/test_task_service.py::test_get_task_counts_multiple_projects <- ../home/jose/src/Archon/python/tests/server/services/test_task_service.py PASSED [ 44%]\ntests/server/services/test_task_service.py::test_get_task_counts_excludes_archived <- ../home/jose/src/Archon/python/tests/server/services/test_task_service.py PASSED [ 44%]\ntests/server/services/test_task_service.py::test_validate_status[todo-True] <- ../home/jose/src/Archon/python/tests/server/services/test_task_service.py PASSED [ 45%]\ntests/server/services/test_task_service.py::test_validate_status[doing-True] <- ../home/jose/src/Archon/python/tests/server/services/test_task_service.py PASSED [ 45%]\ntests/server/services/test_task_service.py::test_validate_status[review-True] <- ../home/jose/src/Archon/python/tests/server/services/test_task_service.py PASSED [ 45%]\ntests/server/services/test_task_service.py::test_validate_status[done-True] <- ../home/jose/src/Archon/python/tests/server/services/test_task_service.py PASSED [ 45%]\ntests/server/services/test_task_service.py::test_validate_status[invalid-False] <- ../home/jose/src/Archon/python/tests/server/services/test_task_service.py PASSED [ 45%]\ntests/server/services/test_task_service.py::test_validate_status[-False] <- ../home/jose/src/Archon/python/tests/server/services/test_task_service.py PASSED [ 45%]\ntests/server/services/test_task_service.py::test_validate_status[TODO-False] <- ../home/jose/src/Archon/python/tests/server/services/test_task_service.py PASSED [ 46%]\ntests/server/services/test_task_service.py::test_validate_priority[low-True] <- ../home/jose/src/Archon/python/tests/server/services/test_task_service.py PASSED [ 46%]\ntests/server/services/test_task_service.py::test_validate_priority[medium-True] <- ../home/jose/src/Archon/python/tests/server/services/test_task_service.py PASSED [ 46%]\ntests/server/services/test_task_service.py::test_validate_priority[high-True] <- ../home/jose/src/Archon/python/tests/server/services/test_task_service.py PASSED [ 46%]\ntests/server/services/test_task_service.py::test_validate_priority[critical-True] <- ../home/jose/src/Archon/python/tests/server/services/test_task_service.py PASSED [ 46%]\ntests/server/services/test_task_service.py::test_validate_priority[invalid-False] <- ../home/jose/src/Archon/python/tests/server/services/test_task_service.py PASSED [ 46%]\ntests/server/services/test_task_service.py::test_validate_priority[-False] <- ../home/jose/src/Archon/python/tests/server/services/test_task_service.py PASSED [ 47%]\ntests/server/services/test_task_service.py::test_validate_priority[LOW-False] <- ../home/jose/src/Archon/python/tests/server/services/test_task_service.py PASSED [ 47%]\ntests/server/services/test_task_service.py::test_validate_assignee[User-True] <- ../home/jose/src/Archon/python/tests/server/services/test_task_service.py PASSED [ 47%]\ntests/server/services/test_task_service.py::test_validate_assignee[Archon-True] <- ../home/jose/src/Archon/python/tests/server/services/test_task_service.py PASSED [ 47%]\ntests/server/services/test_task_service.py::test_validate_assignee[AI IDE Agent-True] <- ../home/jose/src/Archon/python/tests/server/services/test_task_service.py PASSED [ 47%]\ntests/server/services/test_task_service.py::test_validate_assignee[-False] <- ../home/jose/src/Archon/python/tests/server/services/test_task_service.py PASSED [ 47%]\ntests/server/services/test_task_service.py::test_validate_assignee[   -False] <- ../home/jose/src/Archon/python/tests/server/services/test_task_service.py PASSED [ 48%]\ntests/server/services/test_version_service.py::test_get_latest_release_success <- ../home/jose/src/Archon/python/tests/server/services/test_version_service.py PASSED [ 48%]\ntests/server/services/test_version_service.py::test_get_latest_release_uses_cache <- ../home/jose/src/Archon/python/tests/server/services/test_version_service.py PASSED [ 48%]\ntests/server/services/test_version_service.py::test_get_latest_release_cache_expired <- ../home/jose/src/Archon/python/tests/server/services/test_version_service.py PASSED [ 48%]\ntests/server/services/test_version_service.py::test_get_latest_release_404 <- ../home/jose/src/Archon/python/tests/server/services/test_version_service.py PASSED [ 48%]\ntests/server/services/test_version_service.py::test_get_latest_release_timeout <- ../home/jose/src/Archon/python/tests/server/services/test_version_service.py PASSED [ 48%]\ntests/server/services/test_version_service.py::test_check_for_updates_new_version_available <- ../home/jose/src/Archon/python/tests/server/services/test_version_service.py PASSED [ 49%]\ntests/server/services/test_version_service.py::test_check_for_updates_same_version <- ../home/jose/src/Archon/python/tests/server/services/test_version_service.py PASSED [ 49%]\ntests/server/services/test_version_service.py::test_check_for_updates_no_release <- ../home/jose/src/Archon/python/tests/server/services/test_version_service.py PASSED [ 49%]\ntests/server/services/test_version_service.py::test_check_for_updates_parse_version <- ../home/jose/src/Archon/python/tests/server/services/test_version_service.py PASSED [ 49%]\ntests/server/services/test_version_service.py::test_check_for_updates_missing_fields <- ../home/jose/src/Archon/python/tests/server/services/test_version_service.py PASSED [ 49%]\ntests/server/services/test_version_service.py::test_clear_cache <- ../home/jose/src/Archon/python/tests/server/services/test_version_service.py PASSED [ 49%]\ntests/server/services/test_version_service.py::test_is_newer_version <- ../home/jose/src/Archon/python/tests/server/services/test_version_service.py PASSED [ 50%]\ntests/server/utils/test_etag_utils.py::TestGenerateEtag::test_generate_etag_with_dict <- ../home/jose/src/Archon/python/tests/server/utils/test_etag_utils.py PASSED [ 50%]\ntests/server/utils/test_etag_utils.py::TestGenerateEtag::test_generate_etag_with_list <- ../home/jose/src/Archon/python/tests/server/utils/test_etag_utils.py PASSED [ 50%]\ntests/server/utils/test_etag_utils.py::TestGenerateEtag::test_generate_etag_stable_ordering <- ../home/jose/src/Archon/python/tests/server/utils/test_etag_utils.py PASSED [ 50%]\ntests/server/utils/test_etag_utils.py::TestGenerateEtag::test_generate_etag_with_none <- ../home/jose/src/Archon/python/tests/server/utils/test_etag_utils.py PASSED [ 50%]\ntests/server/utils/test_etag_utils.py::TestGenerateEtag::test_generate_etag_with_datetime <- ../home/jose/src/Archon/python/tests/server/utils/test_etag_utils.py PASSED [ 50%]\ntests/server/utils/test_etag_utils.py::TestGenerateEtag::test_generate_etag_empty_data <- ../home/jose/src/Archon/python/tests/server/utils/test_etag_utils.py PASSED [ 50%]\ntests/server/utils/test_etag_utils.py::TestCheckEtag::test_check_etag_match <- ../home/jose/src/Archon/python/tests/server/utils/test_etag_utils.py PASSED [ 51%]\ntests/server/utils/test_etag_utils.py::TestCheckEtag::test_check_etag_no_match <- ../home/jose/src/Archon/python/tests/server/utils/test_etag_utils.py PASSED [ 51%]\ntests/server/utils/test_etag_utils.py::TestCheckEtag::test_check_etag_none_request <- ../home/jose/src/Archon/python/tests/server/utils/test_etag_utils.py PASSED [ 51%]\ntests/server/utils/test_etag_utils.py::TestCheckEtag::test_check_etag_empty_request <- ../home/jose/src/Archon/python/tests/server/utils/test_etag_utils.py PASSED [ 51%]\ntests/server/utils/test_etag_utils.py::TestCheckEtag::test_check_etag_case_sensitive <- ../home/jose/src/Archon/python/tests/server/utils/test_etag_utils.py PASSED [ 51%]\ntests/server/utils/test_etag_utils.py::TestCheckEtag::test_check_etag_with_weak_etag <- ../home/jose/src/Archon/python/tests/server/utils/test_etag_utils.py PASSED [ 51%]\ntests/server/utils/test_etag_utils.py::TestEtagIntegration::test_etag_roundtrip <- ../home/jose/src/Archon/python/tests/server/utils/test_etag_utils.py PASSED [ 52%]\ntests/server/utils/test_etag_utils.py::TestEtagIntegration::test_etag_with_progress_data <- ../home/jose/src/Archon/python/tests/server/utils/test_etag_utils.py PASSED [ 52%]\ntests/test_api_essentials.py::test_health_endpoint <- ../home/jose/src/Archon/python/tests/test_api_essentials.py PASSED [ 52%]\ntests/test_api_essentials.py::test_create_project <- ../home/jose/src/Archon/python/tests/test_api_essentials.py PASSED [ 52%]\ntests/test_api_essentials.py::test_list_projects <- ../home/jose/src/Archon/python/tests/test_api_essentials.py PASSED [ 52%]\ntests/test_api_essentials.py::test_create_task <- ../home/jose/src/Archon/python/tests/test_api_essentials.py PASSED [ 52%]\ntests/test_api_essentials.py::test_list_tasks <- ../home/jose/src/Archon/python/tests/test_api_essentials.py PASSED [ 53%]\ntests/test_api_essentials.py::test_start_crawl <- ../home/jose/src/Archon/python/tests/test_api_essentials.py PASSED [ 53%]\ntests/test_api_essentials.py::test_search_knowledge <- ../home/jose/src/Archon/python/tests/test_api_essentials.py PASSED [ 53%]\ntests/test_api_essentials.py::test_polling_endpoint <- ../home/jose/src/Archon/python/tests/test_api_essentials.py PASSED [ 53%]\ntests/test_api_essentials.py::test_authentication <- ../home/jose/src/Archon/python/tests/test_api_essentials.py PASSED [ 53%]\ntests/test_api_essentials.py::test_error_handling <- ../home/jose/src/Archon/python/tests/test_api_essentials.py PASSED [ 53%]\ntests/test_async_credential_service.py::TestAsyncCredentialService::test_deprecated_functions_removed PASSED [ 54%]\ntests/test_async_credential_service.py::TestAsyncCredentialService::test_get_credential_from_cache PASSED [ 54%]\ntests/test_async_credential_service.py::TestAsyncCredentialService::test_get_credential_encrypted_value PASSED [ 54%]\ntests/test_async_credential_service.py::TestAsyncCredentialService::test_get_credential_cache_not_initialized PASSED [ 54%]\ntests/test_async_credential_service.py::TestAsyncCredentialService::test_get_credential_not_found_in_db PASSED [ 54%]\ntests/test_async_credential_service.py::TestAsyncCredentialService::test_set_credential_new PASSED [ 54%]\ntests/test_async_credential_service.py::TestAsyncCredentialService::test_set_credential_encrypted PASSED [ 55%]\ntests/test_async_credential_service.py::TestAsyncCredentialService::test_load_all_credentials PASSED [ 55%]\ntests/test_async_credential_service.py::TestAsyncCredentialService::test_get_active_provider_basic PASSED [ 55%]\ntests/test_async_credential_service.py::TestAsyncCredentialService::test_initialize_credentials PASSED [ 55%]\ntests/test_async_credential_service.py::TestAsyncCredentialService::test_error_handling_database_failure PASSED [ 55%]\ntests/test_async_credential_service.py::TestAsyncCredentialService::test_encryption_decryption_error_handling PASSED [ 55%]\ntests/test_async_credential_service.py::TestAsyncCredentialService::test_direct_cache_access_fallback PASSED [ 56%]\ntests/test_async_credential_service.py::TestAsyncCredentialService::test_concurrent_access PASSED [ 56%]\ntests/test_async_credential_service.py::TestAsyncCredentialService::test_cache_persistence PASSED [ 56%]\ntests/test_async_embedding_service.py::TestAsyncEmbeddingService::test_create_embedding_success PASSED [ 56%]\ntests/test_async_embedding_service.py::TestAsyncEmbeddingService::test_create_embedding_empty_text PASSED [ 56%]\ntests/test_async_embedding_service.py::TestAsyncEmbeddingService::test_create_embedding_api_error_raises_exception PASSED [ 56%]\ntests/test_async_embedding_service.py::TestAsyncEmbeddingService::test_create_embeddings_batch_success PASSED [ 57%]\ntests/test_async_embedding_service.py::TestAsyncEmbeddingService::test_create_embeddings_batch_empty_list PASSED [ 57%]\ntests/test_async_embedding_service.py::TestAsyncEmbeddingService::test_create_embeddings_batch_rate_limit_error PASSED [ 57%]\ntests/test_async_embedding_service.py::TestAsyncEmbeddingService::test_create_embeddings_batch_quota_exhausted PASSED [ 57%]\ntests/test_async_embedding_service.py::TestAsyncEmbeddingService::test_create_embeddings_batch_with_progress_callback PASSED [ 57%]\ntests/test_async_embedding_service.py::TestAsyncEmbeddingService::test_provider_override PASSED [ 57%]\ntests/test_async_embedding_service.py::TestAsyncEmbeddingService::test_create_embeddings_batch_large_batch_splitting PASSED [ 58%]\ntests/test_async_llm_provider_service.py::TestAsyncLLMProviderService::test_get_llm_client_openai_success PASSED [ 58%]\ntests/test_async_llm_provider_service.py::TestAsyncLLMProviderService::test_get_llm_client_ollama_success PASSED [ 58%]\ntests/test_async_llm_provider_service.py::TestAsyncLLMProviderService::test_get_llm_client_google_success PASSED [ 58%]\ntests/test_async_llm_provider_service.py::TestAsyncLLMProviderService::test_get_llm_client_with_provider_override PASSED [ 58%]\ntests/test_async_llm_provider_service.py::TestAsyncLLMProviderService::test_get_llm_client_use_embedding_provider PASSED [ 58%]\ntests/test_async_llm_provider_service.py::TestAsyncLLMProviderService::test_get_llm_client_missing_openai_key_with_ollama_fallback PASSED [ 59%]\ntests/test_async_llm_provider_service.py::TestAsyncLLMProviderService::test_get_llm_client_missing_openai_key PASSED [ 59%]\ntests/test_async_llm_provider_service.py::TestAsyncLLMProviderService::test_get_llm_client_missing_google_key PASSED [ 59%]\ntests/test_async_llm_provider_service.py::TestAsyncLLMProviderService::test_get_llm_client_unsupported_provider_error PASSED [ 59%]\ntests/test_async_llm_provider_service.py::TestAsyncLLMProviderService::test_get_llm_client_with_unsupported_provider_override PASSED [ 59%]\ntests/test_async_llm_provider_service.py::TestAsyncLLMProviderService::test_get_embedding_model_openai_success PASSED [ 59%]\ntests/test_async_llm_provider_service.py::TestAsyncLLMProviderService::test_get_embedding_model_ollama_success PASSED [ 60%]\ntests/test_async_llm_provider_service.py::TestAsyncLLMProviderService::test_get_embedding_model_google_success PASSED [ 60%]\ntests/test_async_llm_provider_service.py::TestAsyncLLMProviderService::test_get_embedding_model_with_provider_override PASSED [ 60%]\ntests/test_async_llm_provider_service.py::TestAsyncLLMProviderService::test_get_embedding_model_custom_model_override PASSED [ 60%]\ntests/test_async_llm_provider_service.py::TestAsyncLLMProviderService::test_get_embedding_model_error_fallback PASSED [ 60%]\ntests/test_async_llm_provider_service.py::TestAsyncLLMProviderService::test_cache_functionality PASSED [ 60%]\ntests/test_async_llm_provider_service.py::TestAsyncLLMProviderService::test_cache_usage_in_get_llm_client PASSED [ 61%]\ntests/test_async_llm_provider_service.py::TestAsyncLLMProviderService::test_deprecated_functions_removed PASSED [ 61%]\ntests/test_async_llm_provider_service.py::TestAsyncLLMProviderService::test_context_manager_cleanup PASSED [ 61%]\ntests/test_async_llm_provider_service.py::TestAsyncLLMProviderService::test_multiple_providers_in_sequence PASSED [ 61%]\ntests/test_async_source_summary.py::TestAsyncSourceSummary::test_extract_summary_runs_in_thread <- ../home/jose/src/Archon/python/tests/test_async_source_summary.py PASSED [ 61%]\ntests/test_async_source_summary.py::TestAsyncSourceSummary::test_extract_summary_error_handling <- ../home/jose/src/Archon/python/tests/test_async_source_summary.py PASSED [ 61%]\ntests/test_async_source_summary.py::TestAsyncSourceSummary::test_multiple_sources_concurrent_summaries <- ../home/jose/src/Archon/python/tests/test_async_source_summary.py PASSED [ 62%]\ntests/test_async_source_summary.py::TestAsyncSourceSummary::test_thread_safety_with_variables <- ../home/jose/src/Archon/python/tests/test_async_source_summary.py PASSED [ 62%]\ntests/test_async_source_summary.py::TestAsyncSourceSummary::test_update_source_info_runs_in_thread <- ../home/jose/src/Archon/python/tests/test_async_source_summary.py PASSED [ 62%]\ntests/test_async_source_summary.py::TestAsyncSourceSummary::test_update_source_info_error_handling <- ../home/jose/src/Archon/python/tests/test_async_source_summary.py PASSED [ 62%]\ntests/test_async_source_summary.py::TestAsyncSourceSummary::test_update_source_info_preserves_kwargs <- ../home/jose/src/Archon/python/tests/test_async_source_summary.py PASSED [ 62%]\ntests/test_business_logic.py::test_task_status_transitions <- ../home/jose/src/Archon/python/tests/test_business_logic.py PASSED [ 62%]\ntests/test_business_logic.py::test_progress_calculation <- ../home/jose/src/Archon/python/tests/test_business_logic.py PASSED [ 62%]\ntests/test_business_logic.py::test_rate_limiting <- ../home/jose/src/Archon/python/tests/test_business_logic.py PASSED [ 63%]\ntests/test_business_logic.py::test_data_validation <- ../home/jose/src/Archon/python/tests/test_business_logic.py PASSED [ 63%]\ntests/test_business_logic.py::test_permission_checks <- ../home/jose/src/Archon/python/tests/test_business_logic.py PASSED [ 63%]\ntests/test_business_logic.py::test_crawl_depth_limits <- ../home/jose/src/Archon/python/tests/test_business_logic.py PASSED [ 63%]\ntests/test_business_logic.py::test_document_chunking <- ../home/jose/src/Archon/python/tests/test_business_logic.py PASSED [ 63%]\ntests/test_business_logic.py::test_embedding_generation <- ../home/jose/src/Archon/python/tests/test_business_logic.py PASSED [ 63%]\ntests/test_business_logic.py::test_source_management <- ../home/jose/src/Archon/python/tests/test_business_logic.py PASSED [ 64%]\ntests/test_business_logic.py::test_version_control <- ../home/jose/src/Archon/python/tests/test_business_logic.py PASSED [ 64%]\ntests/test_code_examples_sqlite.py::test_insert_code_example_with_sqlite FAILED [ 64%]\ntests/test_code_examples_sqlite.py::test_insert_code_examples_batch_with_sqlite FAILED [ 64%]\ntests/test_code_examples_sqlite.py::test_code_example_backward_compatibility FAILED [ 64%]\ntests/test_code_extraction_source_id.py::TestCodeExtractionSourceId::test_code_extraction_uses_provided_source_id <- ../home/jose/src/Archon/python/tests/test_code_extraction_source_id.py PASSED [ 64%]\ntests/test_code_extraction_source_id.py::TestCodeExtractionSourceId::test_document_storage_passes_source_id <- ../home/jose/src/Archon/python/tests/test_code_extraction_source_id.py PASSED [ 65%]\ntests/test_code_extraction_source_id.py::TestCodeExtractionSourceId::test_no_domain_extraction_from_url <- ../home/jose/src/Archon/python/tests/test_code_extraction_source_id.py PASSED [ 65%]\ntests/test_code_extraction_source_id.py::TestCodeExtractionSourceId::test_urlparse_not_imported <- ../home/jose/src/Archon/python/tests/test_code_extraction_source_id.py PASSED [ 65%]\ntests/test_crawl_orchestration_isolated.py::TestAsyncCrawlOrchestration::test_async_orchestrate_crawl_success <- ../home/jose/src/Archon/python/tests/test_crawl_orchestration_isolated.py PASSED [ 65%]\ntests/test_crawl_orchestration_isolated.py::TestAsyncCrawlOrchestration::test_async_orchestrate_crawl_with_code_extraction <- ../home/jose/src/Archon/python/tests/test_crawl_orchestration_isolated.py PASSED [ 65%]\ntests/test_crawl_orchestration_isolated.py::TestAsyncCrawlOrchestration::test_crawl_by_url_type_text_file <- ../home/jose/src/Archon/python/tests/test_crawl_orchestration_isolated.py PASSED [ 65%]\ntests/test_crawl_orchestration_isolated.py::TestAsyncCrawlOrchestration::test_crawl_by_url_type_sitemap <- ../home/jose/src/Archon/python/tests/test_crawl_orchestration_isolated.py PASSED [ 66%]\ntests/test_crawl_orchestration_isolated.py::TestAsyncCrawlOrchestration::test_crawl_by_url_type_regular_webpage <- ../home/jose/src/Archon/python/tests/test_crawl_orchestration_isolated.py PASSED [ 66%]\ntests/test_crawl_orchestration_isolated.py::TestAsyncCrawlOrchestration::test_process_and_store_documents <- ../home/jose/src/Archon/python/tests/test_crawl_orchestration_isolated.py PASSED [ 66%]\ntests/test_crawl_orchestration_isolated.py::TestAsyncCrawlOrchestration::test_extract_and_store_code_examples <- ../home/jose/src/Archon/python/tests/test_crawl_orchestration_isolated.py PASSED [ 66%]\ntests/test_crawl_orchestration_isolated.py::TestAsyncCrawlOrchestration::test_cancellation_during_orchestration <- ../home/jose/src/Archon/python/tests/test_crawl_orchestration_isolated.py PASSED [ 66%]\ntests/test_crawl_orchestration_isolated.py::TestAsyncCrawlOrchestration::test_cancellation_during_document_processing <- ../home/jose/src/Archon/python/tests/test_crawl_orchestration_isolated.py PASSED [ 66%]\ntests/test_crawl_orchestration_isolated.py::TestAsyncCrawlOrchestration::test_error_handling_in_orchestration <- ../home/jose/src/Archon/python/tests/test_crawl_orchestration_isolated.py PASSED [ 67%]\ntests/test_crawl_orchestration_isolated.py::TestAsyncCrawlOrchestration::test_documentation_site_detection <- ../home/jose/src/Archon/python/tests/test_crawl_orchestration_isolated.py PASSED [ 67%]\ntests/test_crawl_orchestration_isolated.py::TestAsyncCrawlOrchestration::test_cancellation_functionality <- ../home/jose/src/Archon/python/tests/test_crawl_orchestration_isolated.py PASSED [ 67%]\ntests/test_crawl_orchestration_isolated.py::TestAsyncCrawlOrchestration::test_progress_callback_creation <- ../home/jose/src/Archon/python/tests/test_crawl_orchestration_isolated.py PASSED [ 67%]\ntests/test_crawl_orchestration_isolated.py::TestAsyncCrawlOrchestration::test_main_orchestrate_crawl_entry_point <- ../home/jose/src/Archon/python/tests/test_crawl_orchestration_isolated.py PASSED [ 67%]\ntests/test_crawl_orchestration_isolated.py::TestAsyncCrawlOrchestration::test_concurrent_operations <- ../home/jose/src/Archon/python/tests/test_crawl_orchestration_isolated.py PASSED [ 67%]\ntests/test_crawl_orchestration_isolated.py::TestAsyncBehaviors::test_async_method_chaining <- ../home/jose/src/Archon/python/tests/test_crawl_orchestration_isolated.py PASSED [ 68%]\ntests/test_crawl_orchestration_isolated.py::TestAsyncBehaviors::test_asyncio_cancellation_propagation <- ../home/jose/src/Archon/python/tests/test_crawl_orchestration_isolated.py PASSED [ 68%]\ntests/test_crawl_orchestration_isolated.py::TestAsyncBehaviors::test_no_blocking_operations <- ../home/jose/src/Archon/python/tests/test_crawl_orchestration_isolated.py PASSED [ 68%]\ntests/test_document_storage_metrics.py::TestDocumentStorageMetrics::test_avg_chunks_calculation_with_empty_docs PASSED [ 68%]\ntests/test_document_storage_metrics.py::TestDocumentStorageMetrics::test_avg_chunks_all_empty_docs PASSED [ 68%]\ntests/test_document_storage_metrics.py::TestDocumentStorageMetrics::test_avg_chunks_single_doc PASSED [ 68%]\ntests/test_document_storage_metrics.py::TestDocumentStorageMetrics::test_processed_count_accuracy PASSED [ 69%]\ntests/test_embedding_service_no_zeros.py::TestNoZeroEmbeddings::test_async_quota_exhausted_returns_failure PASSED [ 69%]\ntests/test_embedding_service_no_zeros.py::TestNoZeroEmbeddings::test_async_rate_limit_raises_exception PASSED [ 69%]\ntests/test_embedding_service_no_zeros.py::TestNoZeroEmbeddings::test_async_api_error_raises_exception PASSED [ 69%]\ntests/test_embedding_service_no_zeros.py::TestNoZeroEmbeddings::test_batch_handles_partial_failures PASSED [ 69%]\ntests/test_embedding_service_no_zeros.py::TestNoZeroEmbeddings::test_configurable_embedding_dimensions PASSED [ 69%]\ntests/test_embedding_service_no_zeros.py::TestNoZeroEmbeddings::test_default_embedding_dimensions PASSED [ 70%]\ntests/test_embedding_service_no_zeros.py::TestNoZeroEmbeddings::test_batch_quota_exhausted_stops_process PASSED [ 70%]\ntests/test_embedding_service_no_zeros.py::TestNoZeroEmbeddings::test_no_zero_vectors_in_results PASSED [ 70%]\ntests/test_embedding_service_no_zeros.py::TestEmbeddingBatchResult::test_batch_result_initialization PASSED [ 70%]\ntests/test_embedding_service_no_zeros.py::TestEmbeddingBatchResult::test_batch_result_add_success PASSED [ 70%]\ntests/test_embedding_service_no_zeros.py::TestEmbeddingBatchResult::test_batch_result_add_failure PASSED [ 70%]\ntests/test_embedding_service_no_zeros.py::TestEmbeddingBatchResult::test_batch_result_mixed_results PASSED [ 71%]\ntests/test_keyword_extraction.py::TestKeywordExtractor::test_simple_keyword_extraction <- ../home/jose/src/Archon/python/tests/test_keyword_extraction.py PASSED [ 71%]\ntests/test_keyword_extraction.py::TestKeywordExtractor::test_complex_query_extraction <- ../home/jose/src/Archon/python/tests/test_keyword_extraction.py PASSED [ 71%]\ntests/test_keyword_extraction.py::TestKeywordExtractor::test_stop_word_filtering <- ../home/jose/src/Archon/python/tests/test_keyword_extraction.py PASSED [ 71%]\ntests/test_keyword_extraction.py::TestKeywordExtractor::test_technical_terms_preserved <- ../home/jose/src/Archon/python/tests/test_keyword_extraction.py PASSED [ 71%]\ntests/test_keyword_extraction.py::TestKeywordExtractor::test_compound_terms <- ../home/jose/src/Archon/python/tests/test_keyword_extraction.py PASSED [ 71%]\ntests/test_keyword_extraction.py::TestKeywordExtractor::test_empty_query <- ../home/jose/src/Archon/python/tests/test_keyword_extraction.py PASSED [ 72%]\ntests/test_keyword_extraction.py::TestKeywordExtractor::test_query_with_only_stopwords <- ../home/jose/src/Archon/python/tests/test_keyword_extraction.py PASSED [ 72%]\ntests/test_keyword_extraction.py::TestKeywordExtractor::test_keyword_prioritization <- ../home/jose/src/Archon/python/tests/test_keyword_extraction.py PASSED [ 72%]\ntests/test_keyword_extraction.py::TestKeywordExtractor::test_max_keywords_limit <- ../home/jose/src/Archon/python/tests/test_keyword_extraction.py PASSED [ 72%]\ntests/test_keyword_extraction.py::TestKeywordExtractor::test_min_length_filtering <- ../home/jose/src/Archon/python/tests/test_keyword_extraction.py PASSED [ 72%]\ntests/test_keyword_extraction.py::TestSearchTermBuilder::test_plural_variations <- ../home/jose/src/Archon/python/tests/test_keyword_extraction.py PASSED [ 72%]\ntests/test_keyword_extraction.py::TestSearchTermBuilder::test_verb_variations <- ../home/jose/src/Archon/python/tests/test_keyword_extraction.py PASSED [ 73%]\ntests/test_keyword_extraction.py::TestSearchTermBuilder::test_no_duplicates <- ../home/jose/src/Archon/python/tests/test_keyword_extraction.py PASSED [ 73%]\ntests/test_keyword_extraction.py::TestIntegration::test_real_world_query_1 <- ../home/jose/src/Archon/python/tests/test_keyword_extraction.py PASSED [ 73%]\ntests/test_keyword_extraction.py::TestIntegration::test_real_world_query_2 <- ../home/jose/src/Archon/python/tests/test_keyword_extraction.py PASSED [ 73%]\ntests/test_keyword_extraction.py::TestIntegration::test_real_world_query_3 <- ../home/jose/src/Archon/python/tests/test_keyword_extraction.py PASSED [ 73%]\ntests/test_keyword_extraction.py::TestIntegration::test_code_related_query <- ../home/jose/src/Archon/python/tests/test_keyword_extraction.py PASSED [ 73%]\ntests/test_knowledge_api_integration.py::TestKnowledgeAPIIntegration::test_summary_endpoint_performance <- ../home/jose/src/Archon/python/tests/test_knowledge_api_integration.py SKIPPED [ 74%]\ntests/test_knowledge_api_integration.py::TestKnowledgeAPIIntegration::test_progressive_loading_flow <- ../home/jose/src/Archon/python/tests/test_knowledge_api_integration.py SKIPPED [ 74%]\ntests/test_knowledge_api_integration.py::TestKnowledgeAPIIntegration::test_parallel_requests_handling <- ../home/jose/src/Archon/python/tests/test_knowledge_api_integration.py SKIPPED [ 74%]\ntests/test_knowledge_api_integration.py::TestKnowledgeAPIIntegration::test_domain_filter_with_pagination <- ../home/jose/src/Archon/python/tests/test_knowledge_api_integration.py SKIPPED [ 74%]\ntests/test_knowledge_api_integration.py::TestKnowledgeAPIIntegration::test_error_handling_in_pagination <- ../home/jose/src/Archon/python/tests/test_knowledge_api_integration.py PASSED [ 74%]\ntests/test_knowledge_api_integration.py::TestKnowledgeAPIIntegration::test_default_pagination_params <- ../home/jose/src/Archon/python/tests/test_knowledge_api_integration.py SKIPPED [ 74%]\ntests/test_knowledge_api_pagination.py::test_knowledge_summary_endpoint <- ../home/jose/src/Archon/python/tests/test_knowledge_api_pagination.py PASSED [ 75%]\ntests/test_knowledge_api_pagination.py::test_chunks_pagination <- ../home/jose/src/Archon/python/tests/test_knowledge_api_pagination.py SKIPPED [ 75%]\ntests/test_knowledge_api_pagination.py::test_chunks_pagination_with_domain_filter <- ../home/jose/src/Archon/python/tests/test_knowledge_api_pagination.py SKIPPED [ 75%]\ntests/test_knowledge_api_pagination.py::test_code_examples_pagination <- ../home/jose/src/Archon/python/tests/test_knowledge_api_pagination.py SKIPPED [ 75%]\ntests/test_knowledge_api_pagination.py::test_pagination_limit_validation <- ../home/jose/src/Archon/python/tests/test_knowledge_api_pagination.py SKIPPED [ 75%]\ntests/test_knowledge_api_pagination.py::test_summary_search_filter <- ../home/jose/src/Archon/python/tests/test_knowledge_api_pagination.py PASSED [ 75%]\ntests/test_knowledge_api_pagination.py::test_summary_knowledge_type_filter <- ../home/jose/src/Archon/python/tests/test_knowledge_api_pagination.py PASSED [ 75%]\ntests/test_knowledge_api_pagination.py::test_empty_results_pagination <- ../home/jose/src/Archon/python/tests/test_knowledge_api_pagination.py SKIPPED [ 76%]\ntests/test_port_configuration.py::TestPortConfiguration::test_service_discovery_requires_all_ports <- ../home/jose/src/Archon/python/tests/test_port_configuration.py PASSED [ 76%]\ntests/test_port_configuration.py::TestPortConfiguration::test_service_discovery_requires_mcp_port <- ../home/jose/src/Archon/python/tests/test_port_configuration.py PASSED [ 76%]\ntests/test_port_configuration.py::TestPortConfiguration::test_service_discovery_requires_agents_port <- ../home/jose/src/Archon/python/tests/test_port_configuration.py PASSED [ 76%]\ntests/test_port_configuration.py::TestPortConfiguration::test_service_discovery_with_all_ports <- ../home/jose/src/Archon/python/tests/test_port_configuration.py PASSED [ 76%]\ntests/test_port_configuration.py::TestPortConfiguration::test_mcp_server_requires_port <- ../home/jose/src/Archon/python/tests/test_port_configuration.py PASSED [ 76%]\ntests/test_port_configuration.py::TestPortConfiguration::test_main_server_requires_port <- ../home/jose/src/Archon/python/tests/test_port_configuration.py PASSED [ 77%]\ntests/test_port_configuration.py::TestPortConfiguration::test_agents_server_requires_port <- ../home/jose/src/Archon/python/tests/test_port_configuration.py PASSED [ 77%]\ntests/test_port_configuration.py::TestPortConfiguration::test_agent_chat_api_requires_agents_port <- ../home/jose/src/Archon/python/tests/test_port_configuration.py PASSED [ 77%]\ntests/test_port_configuration.py::TestPortConfiguration::test_config_requires_port_or_archon_mcp_port <- ../home/jose/src/Archon/python/tests/test_port_configuration.py PASSED [ 77%]\ntests/test_port_configuration.py::TestPortConfiguration::test_custom_port_values <- ../home/jose/src/Archon/python/tests/test_port_configuration.py PASSED [ 77%]\ntests/test_port_configuration.py::TestPortValidation::test_invalid_port_values <- ../home/jose/src/Archon/python/tests/test_port_configuration.py PASSED [ 77%]\ntests/test_port_configuration.py::TestPortValidation::test_port_out_of_range <- ../home/jose/src/Archon/python/tests/test_port_configuration.py PASSED [ 78%]\ntests/test_progress_api.py::TestProgressAPI::test_get_progress_success <- ../home/jose/src/Archon/python/tests/test_progress_api.py PASSED [ 78%]\ntests/test_progress_api.py::TestProgressAPI::test_get_progress_not_found <- ../home/jose/src/Archon/python/tests/test_progress_api.py PASSED [ 78%]\ntests/test_progress_api.py::TestProgressAPI::test_get_progress_with_etag <- ../home/jose/src/Archon/python/tests/test_progress_api.py PASSED [ 78%]\ntests/test_progress_api.py::TestProgressAPI::test_list_active_operations <- ../home/jose/src/Archon/python/tests/test_progress_api.py PASSED [ 78%]\ntests/test_progress_api.py::TestProgressAPI::test_list_active_operations_empty <- ../home/jose/src/Archon/python/tests/test_progress_api.py PASSED [ 78%]\ntests/test_progress_api.py::TestProgressAPI::test_progress_response_for_crawl_operation <- ../home/jose/src/Archon/python/tests/test_progress_api.py PASSED [ 79%]\ntests/test_progress_api.py::TestProgressAPI::test_progress_response_for_upload_operation <- ../home/jose/src/Archon/python/tests/test_progress_api.py PASSED [ 79%]\ntests/test_progress_api.py::TestProgressAPI::test_progress_headers <- ../home/jose/src/Archon/python/tests/test_progress_api.py PASSED [ 79%]\ntests/test_progress_api.py::TestProgressAPI::test_progress_completed_operation_headers <- ../home/jose/src/Archon/python/tests/test_progress_api.py PASSED [ 79%]\ntests/test_progress_api.py::TestProgressAPI::test_progress_error_handling <- ../home/jose/src/Archon/python/tests/test_progress_api.py PASSED [ 79%]\ntests/test_progress_api.py::TestProgressAPI::test_list_operations_error_handling <- ../home/jose/src/Archon/python/tests/test_progress_api.py PASSED [ 79%]\ntests/test_rag_simple.py::TestRAGServiceCore::test_initialization <- ../home/jose/src/Archon/python/tests/test_rag_simple.py PASSED [ 80%]\ntests/test_rag_simple.py::TestRAGServiceCore::test_settings_methods <- ../home/jose/src/Archon/python/tests/test_rag_simple.py PASSED [ 80%]\ntests/test_rag_simple.py::TestRAGServiceSearch::test_basic_vector_search <- ../home/jose/src/Archon/python/tests/test_rag_simple.py PASSED [ 80%]\ntests/test_rag_simple.py::TestRAGServiceSearch::test_search_documents_with_embedding <- ../home/jose/src/Archon/python/tests/test_rag_simple.py PASSED [ 80%]\ntests/test_rag_simple.py::TestRAGServiceSearch::test_perform_rag_query_basic <- ../home/jose/src/Archon/python/tests/test_rag_simple.py PASSED [ 80%]\ntests/test_rag_simple.py::TestRAGServiceSearch::test_search_code_examples_delegation <- ../home/jose/src/Archon/python/tests/test_rag_simple.py PASSED [ 80%]\ntests/test_rag_simple.py::TestHybridSearchCore::test_initialization <- ../home/jose/src/Archon/python/tests/test_rag_simple.py PASSED [ 81%]\ntests/test_rag_simple.py::TestRerankingCore::test_initialization <- ../home/jose/src/Archon/python/tests/test_rag_simple.py PASSED [ 81%]\ntests/test_rag_simple.py::TestRerankingCore::test_availability_check <- ../home/jose/src/Archon/python/tests/test_rag_simple.py PASSED [ 81%]\ntests/test_rag_simple.py::TestRerankingCore::test_rerank_with_no_model <- ../home/jose/src/Archon/python/tests/test_rag_simple.py PASSED [ 81%]\ntests/test_rag_simple.py::TestRerankingCore::test_rerank_with_mock_model <- ../home/jose/src/Archon/python/tests/test_rag_simple.py PASSED [ 81%]\ntests/test_rag_simple.py::TestAgenticRAGCore::test_initialization <- ../home/jose/src/Archon/python/tests/test_rag_simple.py PASSED [ 81%]\ntests/test_rag_simple.py::TestAgenticRAGCore::test_query_enhancement <- ../home/jose/src/Archon/python/tests/test_rag_simple.py PASSED [ 82%]\ntests/test_rag_simple.py::TestRAGIntegrationSimple::test_error_handling <- ../home/jose/src/Archon/python/tests/test_rag_simple.py PASSED [ 82%]\ntests/test_rag_simple.py::TestRAGIntegrationSimple::test_empty_results_handling <- ../home/jose/src/Archon/python/tests/test_rag_simple.py PASSED [ 82%]\ntests/test_rag_simple.py::TestRAGIntegrationSimple::test_full_rag_pipeline_with_reranking <- ../home/jose/src/Archon/python/tests/test_rag_simple.py PASSED [ 82%]\ntests/test_rag_simple.py::TestRAGIntegrationSimple::test_hybrid_search_integration <- ../home/jose/src/Archon/python/tests/test_rag_simple.py PASSED [ 82%]\ntests/test_rag_simple.py::TestRAGIntegrationSimple::test_code_search_with_agentic_rag <- ../home/jose/src/Archon/python/tests/test_rag_simple.py PASSED [ 82%]\ntests/test_rag_strategies.py::TestRAGService::test_rag_service_initialization <- ../home/jose/src/Archon/python/tests/test_rag_strategies.py PASSED [ 83%]\ntests/test_rag_strategies.py::TestRAGService::test_get_setting <- ../home/jose/src/Archon/python/tests/test_rag_strategies.py PASSED [ 83%]\ntests/test_rag_strategies.py::TestRAGService::test_get_bool_setting <- ../home/jose/src/Archon/python/tests/test_rag_strategies.py PASSED [ 83%]\ntests/test_rag_strategies.py::TestRAGService::test_search_code_examples <- ../home/jose/src/Archon/python/tests/test_rag_strategies.py PASSED [ 83%]\ntests/test_rag_strategies.py::TestRAGService::test_perform_rag_query <- ../home/jose/src/Archon/python/tests/test_rag_strategies.py PASSED [ 83%]\ntests/test_rag_strategies.py::TestRAGService::test_rerank_results <- ../home/jose/src/Archon/python/tests/test_rag_strategies.py PASSED [ 83%]\ntests/test_rag_strategies.py::TestHybridSearchStrategy::test_hybrid_strategy_initialization <- ../home/jose/src/Archon/python/tests/test_rag_strategies.py PASSED [ 84%]\ntests/test_rag_strategies.py::TestRerankingStrategy::test_reranking_strategy_initialization <- ../home/jose/src/Archon/python/tests/test_rag_strategies.py PASSED [ 84%]\ntests/test_rag_strategies.py::TestRerankingStrategy::test_model_availability_check <- ../home/jose/src/Archon/python/tests/test_rag_strategies.py PASSED [ 84%]\ntests/test_rag_strategies.py::TestRerankingStrategy::test_rerank_results_no_model <- ../home/jose/src/Archon/python/tests/test_rag_strategies.py PASSED [ 84%]\ntests/test_rag_strategies.py::TestRerankingStrategy::test_rerank_results_with_model <- ../home/jose/src/Archon/python/tests/test_rag_strategies.py PASSED [ 84%]\ntests/test_rag_strategies.py::TestAgenticRAGStrategy::test_agentic_strategy_initialization <- ../home/jose/src/Archon/python/tests/test_rag_strategies.py PASSED [ 84%]\ntests/test_rag_strategies.py::TestRAGIntegration::test_full_rag_pipeline <- ../home/jose/src/Archon/python/tests/test_rag_strategies.py PASSED [ 85%]\ntests/test_rag_strategies.py::TestRAGIntegration::test_error_handling_in_rag_pipeline <- ../home/jose/src/Archon/python/tests/test_rag_strategies.py PASSED [ 85%]\ntests/test_rag_strategies.py::TestRAGIntegration::test_empty_results_handling <- ../home/jose/src/Archon/python/tests/test_rag_strategies.py PASSED [ 85%]\ntests/test_rag_strategies.py::TestRAGPerformance::test_concurrent_rag_queries <- ../home/jose/src/Archon/python/tests/test_rag_strategies.py PASSED [ 85%]\ntests/test_rag_strategies.py::TestRAGPerformance::test_large_result_set_handling <- ../home/jose/src/Archon/python/tests/test_rag_strategies.py PASSED [ 85%]\ntests/test_rag_strategies.py::TestRAGConfiguration::test_environment_variable_settings <- ../home/jose/src/Archon/python/tests/test_rag_strategies.py PASSED [ 85%]\ntests/test_rag_strategies.py::TestRAGConfiguration::test_default_settings <- ../home/jose/src/Archon/python/tests/test_rag_strategies.py PASSED [ 86%]\ntests/test_rag_strategies.py::TestRAGConfiguration::test_strategy_conditional_execution <- ../home/jose/src/Archon/python/tests/test_rag_strategies.py PASSED [ 86%]\ntests/test_service_integration.py::test_project_with_tasks_flow <- ../home/jose/src/Archon/python/tests/test_service_integration.py PASSED [ 86%]\ntests/test_service_integration.py::test_crawl_to_knowledge_flow <- ../home/jose/src/Archon/python/tests/test_service_integration.py PASSED [ 86%]\ntests/test_service_integration.py::test_document_storage_flow <- ../home/jose/src/Archon/python/tests/test_service_integration.py PASSED [ 86%]\ntests/test_service_integration.py::test_code_extraction_flow <- ../home/jose/src/Archon/python/tests/test_service_integration.py PASSED [ 86%]\ntests/test_service_integration.py::test_search_and_retrieve_flow <- ../home/jose/src/Archon/python/tests/test_service_integration.py PASSED [ 87%]\ntests/test_service_integration.py::test_mcp_tool_execution <- ../home/jose/src/Archon/python/tests/test_service_integration.py PASSED [ 87%]\ntests/test_service_integration.py::test_progress_polling <- ../home/jose/src/Archon/python/tests/test_service_integration.py PASSED [ 87%]\ntests/test_service_integration.py::test_background_task_progress <- ../home/jose/src/Archon/python/tests/test_service_integration.py PASSED [ 87%]\ntests/test_service_integration.py::test_database_operations <- ../home/jose/src/Archon/python/tests/test_service_integration.py PASSED [ 87%]\ntests/test_service_integration.py::test_concurrent_operations <- ../home/jose/src/Archon/python/tests/test_service_integration.py PASSED [ 87%]\ntests/test_settings_api.py::test_optional_setting_returns_default <- ../home/jose/src/Archon/python/tests/test_settings_api.py PASSED [ 87%]\ntests/test_settings_api.py::test_unknown_credential_returns_404 <- ../home/jose/src/Archon/python/tests/test_settings_api.py PASSED [ 88%]\ntests/test_settings_api.py::test_existing_credential_returns_normally <- ../home/jose/src/Archon/python/tests/test_settings_api.py PASSED [ 88%]\ntests/test_source_id_refactor.py::TestSourceIDGeneration::test_unique_id_generation_basic <- ../home/jose/src/Archon/python/tests/test_source_id_refactor.py PASSED [ 88%]\ntests/test_source_id_refactor.py::TestSourceIDGeneration::test_same_domain_different_ids <- ../home/jose/src/Archon/python/tests/test_source_id_refactor.py PASSED [ 88%]\ntests/test_source_id_refactor.py::TestSourceIDGeneration::test_id_consistency <- ../home/jose/src/Archon/python/tests/test_source_id_refactor.py PASSED [ 88%]\ntests/test_source_id_refactor.py::TestSourceIDGeneration::test_url_normalization <- ../home/jose/src/Archon/python/tests/test_source_id_refactor.py PASSED [ 88%]\ntests/test_source_id_refactor.py::TestSourceIDGeneration::test_concurrent_crawl_simulation <- ../home/jose/src/Archon/python/tests/test_source_id_refactor.py PASSED [ 89%]\ntests/test_source_id_refactor.py::TestSourceIDGeneration::test_error_handling <- ../home/jose/src/Archon/python/tests/test_source_id_refactor.py PASSED [ 89%]\ntests/test_source_id_refactor.py::TestDisplayNameExtraction::test_github_display_names <- ../home/jose/src/Archon/python/tests/test_source_id_refactor.py PASSED [ 89%]\ntests/test_source_id_refactor.py::TestDisplayNameExtraction::test_documentation_display_names <- ../home/jose/src/Archon/python/tests/test_source_id_refactor.py PASSED [ 89%]\ntests/test_source_id_refactor.py::TestDisplayNameExtraction::test_api_display_names <- ../home/jose/src/Archon/python/tests/test_source_id_refactor.py PASSED [ 89%]\ntests/test_source_id_refactor.py::TestDisplayNameExtraction::test_generic_display_names <- ../home/jose/src/Archon/python/tests/test_source_id_refactor.py PASSED [ 89%]\ntests/test_source_id_refactor.py::TestDisplayNameExtraction::test_edge_case_display_names <- ../home/jose/src/Archon/python/tests/test_source_id_refactor.py PASSED [ 90%]\ntests/test_source_id_refactor.py::TestDisplayNameExtraction::test_special_file_display_names <- ../home/jose/src/Archon/python/tests/test_source_id_refactor.py PASSED [ 90%]\ntests/test_source_id_refactor.py::TestDisplayNameExtraction::test_git_extension_removal <- ../home/jose/src/Archon/python/tests/test_source_id_refactor.py PASSED [ 90%]\ntests/test_source_id_refactor.py::TestRaceConditionFix::test_no_domain_conflicts <- ../home/jose/src/Archon/python/tests/test_source_id_refactor.py PASSED [ 90%]\ntests/test_source_id_refactor.py::TestRaceConditionFix::test_hash_properties <- ../home/jose/src/Archon/python/tests/test_source_id_refactor.py PASSED [ 90%]\ntests/test_source_id_refactor.py::TestIntegration::test_full_source_creation_flow <- ../home/jose/src/Archon/python/tests/test_source_id_refactor.py PASSED [ 90%]\ntests/test_source_id_refactor.py::TestIntegration::test_backward_compatibility <- ../home/jose/src/Archon/python/tests/test_source_id_refactor.py PASSED [ 91%]\ntests/test_source_race_condition.py::TestSourceRaceCondition::test_concurrent_source_creation_no_race <- ../home/jose/src/Archon/python/tests/test_source_race_condition.py PASSED [ 91%]\ntests/test_source_race_condition.py::TestSourceRaceCondition::test_upsert_vs_insert_behavior <- ../home/jose/src/Archon/python/tests/test_source_race_condition.py PASSED [ 91%]\ntests/test_source_race_condition.py::TestSourceRaceCondition::test_existing_source_uses_upsert <- ../home/jose/src/Archon/python/tests/test_source_race_condition.py PASSED [ 91%]\ntests/test_source_race_condition.py::TestSourceRaceCondition::test_async_concurrent_creation <- ../home/jose/src/Archon/python/tests/test_source_race_condition.py PASSED [ 91%]\ntests/test_source_race_condition.py::TestSourceRaceCondition::test_race_condition_with_delay <- ../home/jose/src/Archon/python/tests/test_source_race_condition.py PASSED [ 91%]\ntests/test_source_url_shadowing.py::TestSourceUrlShadowing::test_source_url_not_shadowed <- ../home/jose/src/Archon/python/tests/test_source_url_shadowing.py PASSED [ 92%]\ntests/test_source_url_shadowing.py::TestSourceUrlShadowing::test_metadata_uses_document_urls <- ../home/jose/src/Archon/python/tests/test_source_url_shadowing.py PASSED [ 92%]\ntests/test_supabase_validation.py::test_validate_anon_key <- ../home/jose/src/Archon/python/tests/test_supabase_validation.py PASSED [ 92%]\ntests/test_supabase_validation.py::test_validate_service_key <- ../home/jose/src/Archon/python/tests/test_supabase_validation.py PASSED [ 92%]\ntests/test_supabase_validation.py::test_validate_unknown_key <- ../home/jose/src/Archon/python/tests/test_supabase_validation.py PASSED [ 92%]\ntests/test_supabase_validation.py::test_validate_invalid_jwt <- ../home/jose/src/Archon/python/tests/test_supabase_validation.py PASSED [ 92%]\ntests/test_supabase_validation.py::test_validate_empty_key <- ../home/jose/src/Archon/python/tests/test_supabase_validation.py PASSED [ 93%]\ntests/test_supabase_validation.py::test_config_raises_on_anon_key <- ../home/jose/src/Archon/python/tests/test_supabase_validation.py PASSED [ 93%]\ntests/test_supabase_validation.py::test_config_accepts_service_key <- ../home/jose/src/Archon/python/tests/test_supabase_validation.py PASSED [ 93%]\ntests/test_supabase_validation.py::test_config_handles_invalid_jwt <- ../home/jose/src/Archon/python/tests/test_supabase_validation.py PASSED [ 93%]\ntests/test_supabase_validation.py::test_config_fails_on_unknown_role <- ../home/jose/src/Archon/python/tests/test_supabase_validation.py PASSED [ 93%]\ntests/test_supabase_validation.py::test_config_raises_on_anon_key_with_port <- ../home/jose/src/Archon/python/tests/test_supabase_validation.py PASSED [ 93%]\ntests/test_supabase_validation.py::test_jwt_decoding_with_real_structure <- ../home/jose/src/Archon/python/tests/test_supabase_validation.py PASSED [ 94%]\ntests/test_task_counts.py::test_batch_task_counts_endpoint_exists <- ../home/jose/src/Archon/python/tests/test_task_counts.py PASSED [ 94%]\ntests/test_task_counts.py::test_batch_task_counts_endpoint <- ../home/jose/src/Archon/python/tests/test_task_counts.py PASSED [ 94%]\ntests/test_task_counts.py::test_batch_task_counts_etag_caching <- ../home/jose/src/Archon/python/tests/test_task_counts.py PASSED [ 94%]\ntests/test_token_optimization.py::TestProjectServiceOptimization::test_list_projects_with_full_content <- ../home/jose/src/Archon/python/tests/test_token_optimization.py PASSED [ 94%]\ntests/test_token_optimization.py::TestProjectServiceOptimization::test_list_projects_lightweight <- ../home/jose/src/Archon/python/tests/test_token_optimization.py PASSED [ 94%]\ntests/test_token_optimization.py::TestProjectServiceOptimization::test_token_reduction <- ../home/jose/src/Archon/python/tests/test_token_optimization.py PASSED [ 95%]\ntests/test_token_optimization.py::TestTaskServiceOptimization::test_list_tasks_with_large_fields <- ../home/jose/src/Archon/python/tests/test_token_optimization.py PASSED [ 95%]\ntests/test_token_optimization.py::TestTaskServiceOptimization::test_list_tasks_exclude_large_fields <- ../home/jose/src/Archon/python/tests/test_token_optimization.py PASSED [ 95%]\ntests/test_token_optimization.py::TestDocumentServiceOptimization::test_list_documents_metadata_only <- ../home/jose/src/Archon/python/tests/test_token_optimization.py PASSED [ 95%]\ntests/test_token_optimization.py::TestDocumentServiceOptimization::test_list_documents_with_content <- ../home/jose/src/Archon/python/tests/test_token_optimization.py PASSED [ 95%]\ntests/test_token_optimization.py::TestBackwardCompatibility::test_api_defaults_preserve_behavior <- ../home/jose/src/Archon/python/tests/test_token_optimization.py PASSED [ 95%]\ntests/test_token_optimization_integration.py::test_projects_endpoint <- ../home/jose/src/Archon/python/tests/test_token_optimization_integration.py SKIPPED [ 96%]\ntests/test_token_optimization_integration.py::test_tasks_endpoint <- ../home/jose/src/Archon/python/tests/test_token_optimization_integration.py SKIPPED [ 96%]\ntests/test_token_optimization_integration.py::test_documents_endpoint <- ../home/jose/src/Archon/python/tests/test_token_optimization_integration.py PASSED [ 96%]\ntests/test_token_optimization_integration.py::test_mcp_endpoints <- ../home/jose/src/Archon/python/tests/test_token_optimization_integration.py PASSED [ 96%]\ntests/test_url_canonicalization.py::TestURLCanonicalization::test_trailing_slash_normalization <- ../home/jose/src/Archon/python/tests/test_url_canonicalization.py PASSED [ 96%]\ntests/test_url_canonicalization.py::TestURLCanonicalization::test_fragment_removal <- ../home/jose/src/Archon/python/tests/test_url_canonicalization.py PASSED [ 96%]\ntests/test_url_canonicalization.py::TestURLCanonicalization::test_tracking_param_removal <- ../home/jose/src/Archon/python/tests/test_url_canonicalization.py PASSED [ 97%]\ntests/test_url_canonicalization.py::TestURLCanonicalization::test_query_param_sorting <- ../home/jose/src/Archon/python/tests/test_url_canonicalization.py PASSED [ 97%]\ntests/test_url_canonicalization.py::TestURLCanonicalization::test_default_port_removal <- ../home/jose/src/Archon/python/tests/test_url_canonicalization.py PASSED [ 97%]\ntests/test_url_canonicalization.py::TestURLCanonicalization::test_case_normalization <- ../home/jose/src/Archon/python/tests/test_url_canonicalization.py PASSED [ 97%]\ntests/test_url_canonicalization.py::TestURLCanonicalization::test_complex_canonicalization <- ../home/jose/src/Archon/python/tests/test_url_canonicalization.py PASSED [ 97%]\ntests/test_url_canonicalization.py::TestURLCanonicalization::test_edge_cases <- ../home/jose/src/Archon/python/tests/test_url_canonicalization.py PASSED [ 97%]\ntests/test_url_canonicalization.py::TestURLCanonicalization::test_preserves_important_params <- ../home/jose/src/Archon/python/tests/test_url_canonicalization.py PASSED [ 98%]\ntests/test_url_canonicalization.py::TestURLCanonicalization::test_local_file_paths <- ../home/jose/src/Archon/python/tests/test_url_canonicalization.py PASSED [ 98%]\ntests/test_url_handler.py::TestURLHandler::test_is_binary_file_archives <- ../home/jose/src/Archon/python/tests/test_url_handler.py PASSED [ 98%]\ntests/test_url_handler.py::TestURLHandler::test_is_binary_file_executables <- ../home/jose/src/Archon/python/tests/test_url_handler.py PASSED [ 98%]\ntests/test_url_handler.py::TestURLHandler::test_is_binary_file_documents <- ../home/jose/src/Archon/python/tests/test_url_handler.py PASSED [ 98%]\ntests/test_url_handler.py::TestURLHandler::test_is_binary_file_media <- ../home/jose/src/Archon/python/tests/test_url_handler.py PASSED [ 98%]\ntests/test_url_handler.py::TestURLHandler::test_is_binary_file_case_insensitive <- ../home/jose/src/Archon/python/tests/test_url_handler.py PASSED [ 99%]\ntests/test_url_handler.py::TestURLHandler::test_is_binary_file_with_query_params <- ../home/jose/src/Archon/python/tests/test_url_handler.py PASSED [ 99%]\ntests/test_url_handler.py::TestURLHandler::test_is_binary_file_html_pages <- ../home/jose/src/Archon/python/tests/test_url_handler.py PASSED [ 99%]\ntests/test_url_handler.py::TestURLHandler::test_is_binary_file_edge_cases <- ../home/jose/src/Archon/python/tests/test_url_handler.py PASSED [ 99%]\ntests/test_url_handler.py::TestURLHandler::test_is_sitemap <- ../home/jose/src/Archon/python/tests/test_url_handler.py PASSED [ 99%]\ntests/test_url_handler.py::TestURLHandler::test_is_txt <- ../home/jose/src/Archon/python/tests/test_url_handler.py PASSED [ 99%]\ntests/test_url_handler.py::TestURLHandler::test_transform_github_url <- ../home/jose/src/Archon/python/tests/test_url_handler.py PASSED [100%]\n\n=================================== FAILURES ===================================\n_____________________ test_insert_code_example_with_sqlite _____________________\ntests/test_code_examples_sqlite.py:57: in test_insert_code_example_with_sqlite\n    migration_path = get_migration_path()\n                     ^^^^^^^^^^^^^^^^^^^^\ntests/test_code_examples_sqlite.py:38: in get_migration_path\n    raise FileNotFoundError(\nE   FileNotFoundError: Could not find migration file. Searched:\nE   1. /app/migration/sqlite/001_initial_schema.sql (Docker mount)\nE   2. /migration/sqlite/001_initial_schema.sql (Local dev)\n_________________ test_insert_code_examples_batch_with_sqlite __________________\ntests/test_code_examples_sqlite.py:132: in test_insert_code_examples_batch_with_sqlite\n    migration_path = get_migration_path()\n                     ^^^^^^^^^^^^^^^^^^^^\ntests/test_code_examples_sqlite.py:38: in get_migration_path\n    raise FileNotFoundError(\nE   FileNotFoundError: Could not find migration file. Searched:\nE   1. /app/migration/sqlite/001_initial_schema.sql (Docker mount)\nE   2. /migration/sqlite/001_initial_schema.sql (Local dev)\n___________________ test_code_example_backward_compatibility ___________________\ntests/test_code_examples_sqlite.py:231: in test_code_example_backward_compatibility\n    migration_path = get_migration_path()\n                     ^^^^^^^^^^^^^^^^^^^^\ntests/test_code_examples_sqlite.py:38: in get_migration_path\n    raise FileNotFoundError(\nE   FileNotFoundError: Could not find migration file. Searched:\nE   1. /app/migration/sqlite/001_initial_schema.sql (Docker mount)\nE   2. /migration/sqlite/001_initial_schema.sql (Local dev)\n=========================== short test summary info ============================\nFAILED tests/test_code_examples_sqlite.py::test_insert_code_example_with_sqlite - FileNotFoundError: Could not find migration file. Searched:\n1. /app/migration/sqlite/001_initial_schema.sql (Docker mount)\n2. /migration/sqlite/001_initial_schema.sql (Local dev)\nFAILED tests/test_code_examples_sqlite.py::test_insert_code_examples_batch_with_sqlite - FileNotFoundError: Could not find migration file. Searched:\n1. /app/migration/sqlite/001_initial_schema.sql (Docker mount)\n2. /migration/sqlite/001_initial_schema.sql (Local dev)\nFAILED tests/test_code_examples_sqlite.py::test_code_example_backward_compatibility - FileNotFoundError: Could not find migration file. Searched:\n1. /app/migration/sqlite/001_initial_schema.sql (Docker mount)\n2. /migration/sqlite/001_initial_schema.sql (Local dev)\n==== 3 failed, 588 passed, 17 skipped, 14 deselected, 39 warnings in 16.61s ====\n\nmake: *** [Makefile:102: test-be] Error 1\n",
      "fixed_at": "2025-10-14T22:27:44.573257",
      "skipped_reason": null
    }
  },
  "total_tests": 1,
  "fixed_count": 1,
  "failed_count": 0,
  "skipped_count": 0,
  "is_complete": true
}